The system is: Linux - 5.10.16.3-microsoft-standard-WSL2 - x86_64
Compiling the C compiler identification source file "CMakeCCompilerId.c" succeeded.
Compiler: /home/nicolas/miniconda3/envs/cmake-tutorial/bin/x86_64-conda-linux-gnu-cc 
Build flags: -march=nocona;-mtune=haswell;-ftree-vectorize;-fPIC;-fstack-protector-strong;-fno-plt;-O2;-ffunction-sections;-pipe;-isystem;/home/nicolas/miniconda3/envs/cmake-tutorial/include
Id flags:  

The output was:
0


Compilation of the C compiler identification source "CMakeCCompilerId.c" produced "a.out"

The C compiler identification is GNU, found in "/home/nicolas/edii/dcc012b-lab02-sort-wrathg/build/CMakeFiles/3.23.1/CompilerIdC/a.out"

Compiling the CXX compiler identification source file "CMakeCXXCompilerId.cpp" succeeded.
Compiler: /home/nicolas/miniconda3/envs/cmake-tutorial/bin/x86_64-conda-linux-gnu-c++ 
Build flags: -fvisibility-inlines-hidden;-std=c++17;-fmessage-length=0;-march=nocona;-mtune=haswell;-ftree-vectorize;-fPIC;-fstack-protector-strong;-fno-plt;-O2;-ffunction-sections;-pipe;-isystem;/home/nicolas/miniconda3/envs/cmake-tutorial/include
Id flags:  

The output was:
0


Compilation of the CXX compiler identification source "CMakeCXXCompilerId.cpp" produced "a.out"

The CXX compiler identification is GNU, found in "/home/nicolas/edii/dcc012b-lab02-sort-wrathg/build/CMakeFiles/3.23.1/CompilerIdCXX/a.out"

Detecting C compiler ABI info compiled with the following output:
Change Dir: /home/nicolas/edii/dcc012b-lab02-sort-wrathg/build/CMakeFiles/CMakeTmp

Run Build Command(s):/home/nicolas/miniconda3/envs/cmake-tutorial/bin/ninja cmTC_4ba21 && [1/2] Building C object CMakeFiles/cmTC_4ba21.dir/CMakeCCompilerABI.c.o
Reading specs from /home/nicolas/miniconda3/envs/cmake-tutorial/bin/../lib/gcc/x86_64-conda-linux-gnu/10.3.0/specs
could not find specs file conda.specs
COLLECT_GCC=/home/nicolas/miniconda3/envs/cmake-tutorial/bin/x86_64-conda-linux-gnu-cc
Target: x86_64-conda-linux-gnu
Configured with: ../configure --prefix=/home/conda/feedstock_root/build_artifacts/gcc_compilers_1650668905383/_h_env_placehold_placehold_placehold_placehold_placehold_placehold_placehold_placehold_placehold_placehold_placehold_placehold_placehold_placehold_placehold_placehold_placehold_placeho --with-slibdir=/home/conda/feedstock_root/build_artifacts/gcc_compilers_1650668905383/_h_env_placehold_placehold_placehold_placehold_placehold_placehold_placehold_placehold_placehold_placehold_placehold_placehold_placehold_placehold_placehold_placehold_placehold_placeho/lib --libdir=/home/conda/feedstock_root/build_artifacts/gcc_compilers_1650668905383/_h_env_placehold_placehold_placehold_placehold_placehold_placehold_placehold_placehold_placehold_placehold_placehold_placehold_placehold_placehold_placehold_placehold_placehold_placeho/lib --mandir=/home/conda/feedstock_root/build_artifacts/gcc_compilers_1650668905383/_h_env_placehold_placehold_placehold_placehold_placehold_placehold_placehold_placehold_placehold_placehold_placehold_placehold_placehold_placehold_placehold_placehold_placehold_placeho/man --build=x86_64-conda-linux-gnu --host=x86_64-conda-linux-gnu --target=x86_64-conda-linux-gnu --enable-default-pie --enable-languages=c,c++,fortran,objc,obj-c++ --enable-__cxa_atexit --disable-libmudflap --enable-libgomp --disable-libssp --enable-libquadmath --enable-libquadmath-support --enable-libsanitizer --enable-lto --enable-threads=posix --enable-target-optspace --enable-plugin --enable-gold --disable-nls --disable-bootstrap --disable-multilib --enable-long-long --with-sysroot=/home/conda/feedstock_root/build_artifacts/gcc_compilers_1650668905383/_h_env_placehold_placehold_placehold_placehold_placehold_placehold_placehold_placehold_placehold_placehold_placehold_placehold_placehold_placehold_placehold_placehold_placehold_placeho/x86_64-conda-linux-gnu/sysroot --with-build-sysroot=/home/conda/feedstock_root/build_artifacts/gcc_compilers_1650668905383/_build_env/x86_64-conda-linux-gnu/sysroot --with-gxx-include-dir=/home/conda/feedstock_root/build_artifacts/gcc_compilers_1650668905383/_h_env_placehold_placehold_placehold_placehold_placehold_placehold_placehold_placehold_placehold_placehold_placehold_placehold_placehold_placehold_placehold_placehold_placehold_placeho/x86_64-conda-linux-gnu/include/c++/10.3.0 --with-pkgversion='conda-forge gcc 10.3.0-16' --with-bugurl=https://github.com/conda-forge/ctng-compilers-feedstock/issues/new/choose
Thread model: posix
Supported LTO compression algorithms: zlib
gcc version 10.3.0 (conda-forge gcc 10.3.0-16) 
COLLECT_GCC_OPTIONS='-march=nocona' '-mtune=haswell' '-ftree-vectorize' '-fPIC' '-fstack-protector-strong' '-fno-plt' '-O2' '-ffunction-sections' '-pipe' '-isystem' '/home/nicolas/miniconda3/envs/cmake-tutorial/include' '-v' '-o' 'CMakeFiles/cmTC_4ba21.dir/CMakeCCompilerABI.c.o' '-c'
 /home/nicolas/miniconda3/envs/cmake-tutorial/bin/../libexec/gcc/x86_64-conda-linux-gnu/10.3.0/cc1 -quiet -v -iprefix /home/nicolas/miniconda3/envs/cmake-tutorial/bin/../lib/gcc/x86_64-conda-linux-gnu/10.3.0/ -isysroot /home/nicolas/miniconda3/envs/cmake-tutorial/bin/../x86_64-conda-linux-gnu/sysroot -isystem /home/nicolas/miniconda3/envs/cmake-tutorial/include /home/nicolas/miniconda3/envs/cmake-tutorial/share/cmake-3.23/Modules/CMakeCCompilerABI.c -quiet -dumpbase CMakeCCompilerABI.c -march=nocona -mtune=haswell -auxbase-strip CMakeFiles/cmTC_4ba21.dir/CMakeCCompilerABI.c.o -O2 -version -ftree-vectorize -fPIC -fstack-protector-strong -fno-plt -ffunction-sections -o - |
 /home/nicolas/miniconda3/envs/cmake-tutorial/bin/../lib/gcc/x86_64-conda-linux-gnu/10.3.0/../../../../x86_64-conda-linux-gnu/bin/as -v --64 -o CMakeFiles/cmTC_4ba21.dir/CMakeCCompilerABI.c.o
GNU assembler version 2.36.1 (x86_64-conda-linux-gnu) using BFD version (GNU Binutils) 2.36.1
GNU C17 (conda-forge gcc 10.3.0-16) version 10.3.0 (x86_64-conda-linux-gnu)
	compiled by GNU C version 10.3.0, GMP version 6.1.0, MPFR version 3.1.4, MPC version 1.0.3, isl version isl-0.18-GMP

GGC heuristics: --param ggc-min-expand=100 --param ggc-min-heapsize=131072
ignoring duplicate directory "/home/nicolas/miniconda3/envs/cmake-tutorial/bin/../lib/gcc/../../lib/gcc/x86_64-conda-linux-gnu/10.3.0/include"
ignoring nonexistent directory "/home/nicolas/miniconda3/envs/cmake-tutorial/bin/../x86_64-conda-linux-gnu/sysroot/usr/local/include"
ignoring duplicate directory "/home/nicolas/miniconda3/envs/cmake-tutorial/bin/../lib/gcc/../../lib/gcc/x86_64-conda-linux-gnu/10.3.0/include-fixed"
ignoring duplicate directory "/home/nicolas/miniconda3/envs/cmake-tutorial/bin/../lib/gcc/../../lib/gcc/x86_64-conda-linux-gnu/10.3.0/../../../../x86_64-conda-linux-gnu/include"
#include "..." search starts here:
#include <...> search starts here:
 /home/nicolas/miniconda3/envs/cmake-tutorial/include
 /home/nicolas/miniconda3/envs/cmake-tutorial/bin/../lib/gcc/x86_64-conda-linux-gnu/10.3.0/include
 /home/nicolas/miniconda3/envs/cmake-tutorial/bin/../lib/gcc/x86_64-conda-linux-gnu/10.3.0/include-fixed
 /home/nicolas/miniconda3/envs/cmake-tutorial/bin/../lib/gcc/x86_64-conda-linux-gnu/10.3.0/../../../../x86_64-conda-linux-gnu/include
 /home/nicolas/miniconda3/envs/cmake-tutorial/bin/../x86_64-conda-linux-gnu/sysroot/usr/include
End of search list.
GNU C17 (conda-forge gcc 10.3.0-16) version 10.3.0 (x86_64-conda-linux-gnu)
	compiled by GNU C version 10.3.0, GMP version 6.1.0, MPFR version 3.1.4, MPC version 1.0.3, isl version isl-0.18-GMP

GGC heuristics: --param ggc-min-expand=100 --param ggc-min-heapsize=131072
Compiler executable checksum: 60953d673e047b2efbd90d5b92f5ae6d
COMPILER_PATH=/home/nicolas/miniconda3/envs/cmake-tutorial/bin/../libexec/gcc/x86_64-conda-linux-gnu/10.3.0/:/home/nicolas/miniconda3/envs/cmake-tutorial/bin/../libexec/gcc/:/home/nicolas/miniconda3/envs/cmake-tutorial/bin/../lib/gcc/x86_64-conda-linux-gnu/10.3.0/../../../../x86_64-conda-linux-gnu/bin/
LIBRARY_PATH=/home/nicolas/miniconda3/envs/cmake-tutorial/bin/../lib/gcc/x86_64-conda-linux-gnu/10.3.0/:/home/nicolas/miniconda3/envs/cmake-tutorial/bin/../lib/gcc/:/home/nicolas/miniconda3/envs/cmake-tutorial/bin/../lib/gcc/x86_64-conda-linux-gnu/10.3.0/../../../../x86_64-conda-linux-gnu/lib/../lib/:/home/nicolas/miniconda3/envs/cmake-tutorial/bin/../lib/gcc/x86_64-conda-linux-gnu/10.3.0/../../../../lib/:/home/nicolas/miniconda3/envs/cmake-tutorial/bin/../x86_64-conda-linux-gnu/sysroot/lib/../lib/:/home/nicolas/miniconda3/envs/cmake-tutorial/bin/../x86_64-conda-linux-gnu/sysroot/usr/lib/../lib/:/home/nicolas/miniconda3/envs/cmake-tutorial/bin/../lib/gcc/x86_64-conda-linux-gnu/10.3.0/../../../../x86_64-conda-linux-gnu/lib/:/home/nicolas/miniconda3/envs/cmake-tutorial/bin/../lib/gcc/x86_64-conda-linux-gnu/10.3.0/../../../:/home/nicolas/miniconda3/envs/cmake-tutorial/bin/../x86_64-conda-linux-gnu/sysroot/lib/:/home/nicolas/miniconda3/envs/cmake-tutorial/bin/../x86_64-conda-linux-gnu/sysroot/usr/lib/
COLLECT_GCC_OPTIONS='-march=nocona' '-mtune=haswell' '-ftree-vectorize' '-fPIC' '-fstack-protector-strong' '-fno-plt' '-O2' '-ffunction-sections' '-pipe' '-isystem' '/home/nicolas/miniconda3/envs/cmake-tutorial/include' '-v' '-o' 'CMakeFiles/cmTC_4ba21.dir/CMakeCCompilerABI.c.o' '-c'
[2/2] Linking C executable cmTC_4ba21
Reading specs from /home/nicolas/miniconda3/envs/cmake-tutorial/bin/../lib/gcc/x86_64-conda-linux-gnu/10.3.0/specs
could not find specs file conda.specs
COLLECT_GCC=/home/nicolas/miniconda3/envs/cmake-tutorial/bin/x86_64-conda-linux-gnu-cc
COLLECT_LTO_WRAPPER=/home/nicolas/miniconda3/envs/cmake-tutorial/bin/../libexec/gcc/x86_64-conda-linux-gnu/10.3.0/lto-wrapper
Target: x86_64-conda-linux-gnu
Configured with: ../configure --prefix=/home/conda/feedstock_root/build_artifacts/gcc_compilers_1650668905383/_h_env_placehold_placehold_placehold_placehold_placehold_placehold_placehold_placehold_placehold_placehold_placehold_placehold_placehold_placehold_placehold_placehold_placehold_placeho --with-slibdir=/home/conda/feedstock_root/build_artifacts/gcc_compilers_1650668905383/_h_env_placehold_placehold_placehold_placehold_placehold_placehold_placehold_placehold_placehold_placehold_placehold_placehold_placehold_placehold_placehold_placehold_placehold_placeho/lib --libdir=/home/conda/feedstock_root/build_artifacts/gcc_compilers_1650668905383/_h_env_placehold_placehold_placehold_placehold_placehold_placehold_placehold_placehold_placehold_placehold_placehold_placehold_placehold_placehold_placehold_placehold_placehold_placeho/lib --mandir=/home/conda/feedstock_root/build_artifacts/gcc_compilers_1650668905383/_h_env_placehold_placehold_placehold_placehold_placehold_placehold_placehold_placehold_placehold_placehold_placehold_placehold_placehold_placehold_placehold_placehold_placehold_placeho/man --build=x86_64-conda-linux-gnu --host=x86_64-conda-linux-gnu --target=x86_64-conda-linux-gnu --enable-default-pie --enable-languages=c,c++,fortran,objc,obj-c++ --enable-__cxa_atexit --disable-libmudflap --enable-libgomp --disable-libssp --enable-libquadmath --enable-libquadmath-support --enable-libsanitizer --enable-lto --enable-threads=posix --enable-target-optspace --enable-plugin --enable-gold --disable-nls --disable-bootstrap --disable-multilib --enable-long-long --with-sysroot=/home/conda/feedstock_root/build_artifacts/gcc_compilers_1650668905383/_h_env_placehold_placehold_placehold_placehold_placehold_placehold_placehold_placehold_placehold_placehold_placehold_placehold_placehold_placehold_placehold_placehold_placehold_placeho/x86_64-conda-linux-gnu/sysroot --with-build-sysroot=/home/conda/feedstock_root/build_artifacts/gcc_compilers_1650668905383/_build_env/x86_64-conda-linux-gnu/sysroot --with-gxx-include-dir=/home/conda/feedstock_root/build_artifacts/gcc_compilers_1650668905383/_h_env_placehold_placehold_placehold_placehold_placehold_placehold_placehold_placehold_placehold_placehold_placehold_placehold_placehold_placehold_placehold_placehold_placehold_placeho/x86_64-conda-linux-gnu/include/c++/10.3.0 --with-pkgversion='conda-forge gcc 10.3.0-16' --with-bugurl=https://github.com/conda-forge/ctng-compilers-feedstock/issues/new/choose
Thread model: posix
Supported LTO compression algorithms: zlib
gcc version 10.3.0 (conda-forge gcc 10.3.0-16) 
COMPILER_PATH=/home/nicolas/miniconda3/envs/cmake-tutorial/bin/../libexec/gcc/x86_64-conda-linux-gnu/10.3.0/:/home/nicolas/miniconda3/envs/cmake-tutorial/bin/../libexec/gcc/:/home/nicolas/miniconda3/envs/cmake-tutorial/bin/../lib/gcc/x86_64-conda-linux-gnu/10.3.0/../../../../x86_64-conda-linux-gnu/bin/
LIBRARY_PATH=/home/nicolas/miniconda3/envs/cmake-tutorial/bin/../lib/gcc/x86_64-conda-linux-gnu/10.3.0/:/home/nicolas/miniconda3/envs/cmake-tutorial/bin/../lib/gcc/:/home/nicolas/miniconda3/envs/cmake-tutorial/bin/../lib/gcc/x86_64-conda-linux-gnu/10.3.0/../../../../x86_64-conda-linux-gnu/lib/../lib/:/home/nicolas/miniconda3/envs/cmake-tutorial/bin/../lib/gcc/x86_64-conda-linux-gnu/10.3.0/../../../../lib/:/home/nicolas/miniconda3/envs/cmake-tutorial/bin/../x86_64-conda-linux-gnu/sysroot/lib/../lib/:/home/nicolas/miniconda3/envs/cmake-tutorial/bin/../x86_64-conda-linux-gnu/sysroot/usr/lib/../lib/:/home/nicolas/miniconda3/envs/cmake-tutorial/bin/../lib/gcc/x86_64-conda-linux-gnu/10.3.0/../../../../x86_64-conda-linux-gnu/lib/:/home/nicolas/miniconda3/envs/cmake-tutorial/bin/../lib/gcc/x86_64-conda-linux-gnu/10.3.0/../../../:/home/nicolas/miniconda3/envs/cmake-tutorial/bin/../x86_64-conda-linux-gnu/sysroot/lib/:/home/nicolas/miniconda3/envs/cmake-tutorial/bin/../x86_64-conda-linux-gnu/sysroot/usr/lib/
COLLECT_GCC_OPTIONS='-march=nocona' '-mtune=haswell' '-ftree-vectorize' '-fPIC' '-fstack-protector-strong' '-fno-plt' '-O2' '-ffunction-sections' '-pipe' '-isystem' '/home/nicolas/miniconda3/envs/cmake-tutorial/include' '-L/home/nicolas/miniconda3/envs/cmake-tutorial/lib' '-v' '-o' 'cmTC_4ba21'
 /home/nicolas/miniconda3/envs/cmake-tutorial/bin/../libexec/gcc/x86_64-conda-linux-gnu/10.3.0/collect2 -plugin /home/nicolas/miniconda3/envs/cmake-tutorial/bin/../libexec/gcc/x86_64-conda-linux-gnu/10.3.0/liblto_plugin.so -plugin-opt=/home/nicolas/miniconda3/envs/cmake-tutorial/bin/../libexec/gcc/x86_64-conda-linux-gnu/10.3.0/lto-wrapper -plugin-opt=-fresolution=/tmp/cc0hlE53.res -plugin-opt=-pass-through=-lgcc -plugin-opt=-pass-through=-lgcc_s -plugin-opt=-pass-through=-lc -plugin-opt=-pass-through=-lgcc -plugin-opt=-pass-through=-lgcc_s --sysroot=/home/nicolas/miniconda3/envs/cmake-tutorial/bin/../x86_64-conda-linux-gnu/sysroot --eh-frame-hdr -m elf_x86_64 -dynamic-linker /lib64/ld-linux-x86-64.so.2 -pie -o cmTC_4ba21 /home/nicolas/miniconda3/envs/cmake-tutorial/bin/../x86_64-conda-linux-gnu/sysroot/usr/lib/../lib/Scrt1.o /home/nicolas/miniconda3/envs/cmake-tutorial/bin/../x86_64-conda-linux-gnu/sysroot/usr/lib/../lib/crti.o /home/nicolas/miniconda3/envs/cmake-tutorial/bin/../lib/gcc/x86_64-conda-linux-gnu/10.3.0/crtbeginS.o -L/home/nicolas/miniconda3/envs/cmake-tutorial/lib -L/home/nicolas/miniconda3/envs/cmake-tutorial/bin/../lib/gcc/x86_64-conda-linux-gnu/10.3.0 -L/home/nicolas/miniconda3/envs/cmake-tutorial/bin/../lib/gcc -L/home/nicolas/miniconda3/envs/cmake-tutorial/bin/../lib/gcc/x86_64-conda-linux-gnu/10.3.0/../../../../x86_64-conda-linux-gnu/lib/../lib -L/home/nicolas/miniconda3/envs/cmake-tutorial/bin/../lib/gcc/x86_64-conda-linux-gnu/10.3.0/../../../../lib -L/home/nicolas/miniconda3/envs/cmake-tutorial/bin/../x86_64-conda-linux-gnu/sysroot/lib/../lib -L/home/nicolas/miniconda3/envs/cmake-tutorial/bin/../x86_64-conda-linux-gnu/sysroot/usr/lib/../lib -L/home/nicolas/miniconda3/envs/cmake-tutorial/bin/../lib/gcc/x86_64-conda-linux-gnu/10.3.0/../../../../x86_64-conda-linux-gnu/lib -L/home/nicolas/miniconda3/envs/cmake-tutorial/bin/../lib/gcc/x86_64-conda-linux-gnu/10.3.0/../../.. -L/home/nicolas/miniconda3/envs/cmake-tutorial/bin/../x86_64-conda-linux-gnu/sysroot/lib -L/home/nicolas/miniconda3/envs/cmake-tutorial/bin/../x86_64-conda-linux-gnu/sysroot/usr/lib -O2 --sort-common --as-needed -z relro -z now --disable-new-dtags --gc-sections --allow-shlib-undefined -rpath /home/nicolas/miniconda3/envs/cmake-tutorial/lib -rpath-link /home/nicolas/miniconda3/envs/cmake-tutorial/lib CMakeFiles/cmTC_4ba21.dir/CMakeCCompilerABI.c.o -lgcc --push-state --as-needed -lgcc_s --pop-state -lc -lgcc --push-state --as-needed -lgcc_s --pop-state /home/nicolas/miniconda3/envs/cmake-tutorial/bin/../lib/gcc/x86_64-conda-linux-gnu/10.3.0/crtendS.o /home/nicolas/miniconda3/envs/cmake-tutorial/bin/../x86_64-conda-linux-gnu/sysroot/usr/lib/../lib/crtn.o -rpath /home/nicolas/miniconda3/envs/cmake-tutorial/lib
COLLECT_GCC_OPTIONS='-march=nocona' '-mtune=haswell' '-ftree-vectorize' '-fPIC' '-fstack-protector-strong' '-fno-plt' '-O2' '-ffunction-sections' '-pipe' '-isystem' '/home/nicolas/miniconda3/envs/cmake-tutorial/include' '-L/home/nicolas/miniconda3/envs/cmake-tutorial/lib' '-v' '-o' 'cmTC_4ba21'



Parsed C implicit include dir info from above output: rv=done
  found start of include info
  found start of implicit include info
    add: [/home/nicolas/miniconda3/envs/cmake-tutorial/include]
    add: [/home/nicolas/miniconda3/envs/cmake-tutorial/bin/../lib/gcc/x86_64-conda-linux-gnu/10.3.0/include]
    add: [/home/nicolas/miniconda3/envs/cmake-tutorial/bin/../lib/gcc/x86_64-conda-linux-gnu/10.3.0/include-fixed]
    add: [/home/nicolas/miniconda3/envs/cmake-tutorial/bin/../lib/gcc/x86_64-conda-linux-gnu/10.3.0/../../../../x86_64-conda-linux-gnu/include]
    add: [/home/nicolas/miniconda3/envs/cmake-tutorial/bin/../x86_64-conda-linux-gnu/sysroot/usr/include]
  end of search list found
  collapse include dir [/home/nicolas/miniconda3/envs/cmake-tutorial/include] ==> [/home/nicolas/miniconda3/envs/cmake-tutorial/include]
  collapse include dir [/home/nicolas/miniconda3/envs/cmake-tutorial/bin/../lib/gcc/x86_64-conda-linux-gnu/10.3.0/include] ==> [/home/nicolas/miniconda3/envs/cmake-tutorial/lib/gcc/x86_64-conda-linux-gnu/10.3.0/include]
  collapse include dir [/home/nicolas/miniconda3/envs/cmake-tutorial/bin/../lib/gcc/x86_64-conda-linux-gnu/10.3.0/include-fixed] ==> [/home/nicolas/miniconda3/envs/cmake-tutorial/lib/gcc/x86_64-conda-linux-gnu/10.3.0/include-fixed]
  collapse include dir [/home/nicolas/miniconda3/envs/cmake-tutorial/bin/../lib/gcc/x86_64-conda-linux-gnu/10.3.0/../../../../x86_64-conda-linux-gnu/include] ==> [/home/nicolas/miniconda3/envs/cmake-tutorial/x86_64-conda-linux-gnu/include]
  collapse include dir [/home/nicolas/miniconda3/envs/cmake-tutorial/bin/../x86_64-conda-linux-gnu/sysroot/usr/include] ==> [/home/nicolas/miniconda3/envs/cmake-tutorial/x86_64-conda-linux-gnu/sysroot/usr/include]
  implicit include dirs: [/home/nicolas/miniconda3/envs/cmake-tutorial/include;/home/nicolas/miniconda3/envs/cmake-tutorial/lib/gcc/x86_64-conda-linux-gnu/10.3.0/include;/home/nicolas/miniconda3/envs/cmake-tutorial/lib/gcc/x86_64-conda-linux-gnu/10.3.0/include-fixed;/home/nicolas/miniconda3/envs/cmake-tutorial/x86_64-conda-linux-gnu/include;/home/nicolas/miniconda3/envs/cmake-tutorial/x86_64-conda-linux-gnu/sysroot/usr/include]


Parsed C implicit link information from above output:
  link line regex: [^( *|.*[/\])(x86_64-conda-linux-gnu-ld|CMAKE_LINK_STARTFILE-NOTFOUND|([^/\]+-)?ld|collect2)[^/\]*( |$)]
  ignore line: [Change Dir: /home/nicolas/edii/dcc012b-lab02-sort-wrathg/build/CMakeFiles/CMakeTmp]
  ignore line: []
  ignore line: [Run Build Command(s):/home/nicolas/miniconda3/envs/cmake-tutorial/bin/ninja cmTC_4ba21 && [1/2] Building C object CMakeFiles/cmTC_4ba21.dir/CMakeCCompilerABI.c.o]
  ignore line: [Reading specs from /home/nicolas/miniconda3/envs/cmake-tutorial/bin/../lib/gcc/x86_64-conda-linux-gnu/10.3.0/specs]
  ignore line: [could not find specs file conda.specs]
  ignore line: [COLLECT_GCC=/home/nicolas/miniconda3/envs/cmake-tutorial/bin/x86_64-conda-linux-gnu-cc]
  ignore line: [Target: x86_64-conda-linux-gnu]
  ignore line: [Configured with: ../configure --prefix=/home/conda/feedstock_root/build_artifacts/gcc_compilers_1650668905383/_h_env_placehold_placehold_placehold_placehold_placehold_placehold_placehold_placehold_placehold_placehold_placehold_placehold_placehold_placehold_placehold_placehold_placehold_placeho --with-slibdir=/home/conda/feedstock_root/build_artifacts/gcc_compilers_1650668905383/_h_env_placehold_placehold_placehold_placehold_placehold_placehold_placehold_placehold_placehold_placehold_placehold_placehold_placehold_placehold_placehold_placehold_placehold_placeho/lib --libdir=/home/conda/feedstock_root/build_artifacts/gcc_compilers_1650668905383/_h_env_placehold_placehold_placehold_placehold_placehold_placehold_placehold_placehold_placehold_placehold_placehold_placehold_placehold_placehold_placehold_placehold_placehold_placeho/lib --mandir=/home/conda/feedstock_root/build_artifacts/gcc_compilers_1650668905383/_h_env_placehold_placehold_placehold_placehold_placehold_placehold_placehold_placehold_placehold_placehold_placehold_placehold_placehold_placehold_placehold_placehold_placehold_placeho/man --build=x86_64-conda-linux-gnu --host=x86_64-conda-linux-gnu --target=x86_64-conda-linux-gnu --enable-default-pie --enable-languages=c c++ fortran objc obj-c++ --enable-__cxa_atexit --disable-libmudflap --enable-libgomp --disable-libssp --enable-libquadmath --enable-libquadmath-support --enable-libsanitizer --enable-lto --enable-threads=posix --enable-target-optspace --enable-plugin --enable-gold --disable-nls --disable-bootstrap --disable-multilib --enable-long-long --with-sysroot=/home/conda/feedstock_root/build_artifacts/gcc_compilers_1650668905383/_h_env_placehold_placehold_placehold_placehold_placehold_placehold_placehold_placehold_placehold_placehold_placehold_placehold_placehold_placehold_placehold_placehold_placehold_placeho/x86_64-conda-linux-gnu/sysroot --with-build-sysroot=/home/conda/feedstock_root/build_artifacts/gcc_compilers_1650668905383/_build_env/x86_64-conda-linux-gnu/sysroot --with-gxx-include-dir=/home/conda/feedstock_root/build_artifacts/gcc_compilers_1650668905383/_h_env_placehold_placehold_placehold_placehold_placehold_placehold_placehold_placehold_placehold_placehold_placehold_placehold_placehold_placehold_placehold_placehold_placehold_placeho/x86_64-conda-linux-gnu/include/c++/10.3.0 --with-pkgversion='conda-forge gcc 10.3.0-16' --with-bugurl=https://github.com/conda-forge/ctng-compilers-feedstock/issues/new/choose]
  ignore line: [Thread model: posix]
  ignore line: [Supported LTO compression algorithms: zlib]
  ignore line: [gcc version 10.3.0 (conda-forge gcc 10.3.0-16) ]
  ignore line: [COLLECT_GCC_OPTIONS='-march=nocona' '-mtune=haswell' '-ftree-vectorize' '-fPIC' '-fstack-protector-strong' '-fno-plt' '-O2' '-ffunction-sections' '-pipe' '-isystem' '/home/nicolas/miniconda3/envs/cmake-tutorial/include' '-v' '-o' 'CMakeFiles/cmTC_4ba21.dir/CMakeCCompilerABI.c.o' '-c']
  ignore line: [ /home/nicolas/miniconda3/envs/cmake-tutorial/bin/../libexec/gcc/x86_64-conda-linux-gnu/10.3.0/cc1 -quiet -v -iprefix /home/nicolas/miniconda3/envs/cmake-tutorial/bin/../lib/gcc/x86_64-conda-linux-gnu/10.3.0/ -isysroot /home/nicolas/miniconda3/envs/cmake-tutorial/bin/../x86_64-conda-linux-gnu/sysroot -isystem /home/nicolas/miniconda3/envs/cmake-tutorial/include /home/nicolas/miniconda3/envs/cmake-tutorial/share/cmake-3.23/Modules/CMakeCCompilerABI.c -quiet -dumpbase CMakeCCompilerABI.c -march=nocona -mtune=haswell -auxbase-strip CMakeFiles/cmTC_4ba21.dir/CMakeCCompilerABI.c.o -O2 -version -ftree-vectorize -fPIC -fstack-protector-strong -fno-plt -ffunction-sections -o - |]
  ignore line: [ /home/nicolas/miniconda3/envs/cmake-tutorial/bin/../lib/gcc/x86_64-conda-linux-gnu/10.3.0/../../../../x86_64-conda-linux-gnu/bin/as -v --64 -o CMakeFiles/cmTC_4ba21.dir/CMakeCCompilerABI.c.o]
  ignore line: [GNU assembler version 2.36.1 (x86_64-conda-linux-gnu) using BFD version (GNU Binutils) 2.36.1]
  ignore line: [GNU C17 (conda-forge gcc 10.3.0-16) version 10.3.0 (x86_64-conda-linux-gnu)]
  ignore line: [	compiled by GNU C version 10.3.0  GMP version 6.1.0  MPFR version 3.1.4  MPC version 1.0.3  isl version isl-0.18-GMP]
  ignore line: []
  ignore line: [GGC heuristics: --param ggc-min-expand=100 --param ggc-min-heapsize=131072]
  ignore line: [ignoring duplicate directory "/home/nicolas/miniconda3/envs/cmake-tutorial/bin/../lib/gcc/../../lib/gcc/x86_64-conda-linux-gnu/10.3.0/include"]
  ignore line: [ignoring nonexistent directory "/home/nicolas/miniconda3/envs/cmake-tutorial/bin/../x86_64-conda-linux-gnu/sysroot/usr/local/include"]
  ignore line: [ignoring duplicate directory "/home/nicolas/miniconda3/envs/cmake-tutorial/bin/../lib/gcc/../../lib/gcc/x86_64-conda-linux-gnu/10.3.0/include-fixed"]
  ignore line: [ignoring duplicate directory "/home/nicolas/miniconda3/envs/cmake-tutorial/bin/../lib/gcc/../../lib/gcc/x86_64-conda-linux-gnu/10.3.0/../../../../x86_64-conda-linux-gnu/include"]
  ignore line: [#include "..." search starts here:]
  ignore line: [#include <...> search starts here:]
  ignore line: [ /home/nicolas/miniconda3/envs/cmake-tutorial/include]
  ignore line: [ /home/nicolas/miniconda3/envs/cmake-tutorial/bin/../lib/gcc/x86_64-conda-linux-gnu/10.3.0/include]
  ignore line: [ /home/nicolas/miniconda3/envs/cmake-tutorial/bin/../lib/gcc/x86_64-conda-linux-gnu/10.3.0/include-fixed]
  ignore line: [ /home/nicolas/miniconda3/envs/cmake-tutorial/bin/../lib/gcc/x86_64-conda-linux-gnu/10.3.0/../../../../x86_64-conda-linux-gnu/include]
  ignore line: [ /home/nicolas/miniconda3/envs/cmake-tutorial/bin/../x86_64-conda-linux-gnu/sysroot/usr/include]
  ignore line: [End of search list.]
  ignore line: [GNU C17 (conda-forge gcc 10.3.0-16) version 10.3.0 (x86_64-conda-linux-gnu)]
  ignore line: [	compiled by GNU C version 10.3.0  GMP version 6.1.0  MPFR version 3.1.4  MPC version 1.0.3  isl version isl-0.18-GMP]
  ignore line: []
  ignore line: [GGC heuristics: --param ggc-min-expand=100 --param ggc-min-heapsize=131072]
  ignore line: [Compiler executable checksum: 60953d673e047b2efbd90d5b92f5ae6d]
  ignore line: [COMPILER_PATH=/home/nicolas/miniconda3/envs/cmake-tutorial/bin/../libexec/gcc/x86_64-conda-linux-gnu/10.3.0/:/home/nicolas/miniconda3/envs/cmake-tutorial/bin/../libexec/gcc/:/home/nicolas/miniconda3/envs/cmake-tutorial/bin/../lib/gcc/x86_64-conda-linux-gnu/10.3.0/../../../../x86_64-conda-linux-gnu/bin/]
  ignore line: [LIBRARY_PATH=/home/nicolas/miniconda3/envs/cmake-tutorial/bin/../lib/gcc/x86_64-conda-linux-gnu/10.3.0/:/home/nicolas/miniconda3/envs/cmake-tutorial/bin/../lib/gcc/:/home/nicolas/miniconda3/envs/cmake-tutorial/bin/../lib/gcc/x86_64-conda-linux-gnu/10.3.0/../../../../x86_64-conda-linux-gnu/lib/../lib/:/home/nicolas/miniconda3/envs/cmake-tutorial/bin/../lib/gcc/x86_64-conda-linux-gnu/10.3.0/../../../../lib/:/home/nicolas/miniconda3/envs/cmake-tutorial/bin/../x86_64-conda-linux-gnu/sysroot/lib/../lib/:/home/nicolas/miniconda3/envs/cmake-tutorial/bin/../x86_64-conda-linux-gnu/sysroot/usr/lib/../lib/:/home/nicolas/miniconda3/envs/cmake-tutorial/bin/../lib/gcc/x86_64-conda-linux-gnu/10.3.0/../../../../x86_64-conda-linux-gnu/lib/:/home/nicolas/miniconda3/envs/cmake-tutorial/bin/../lib/gcc/x86_64-conda-linux-gnu/10.3.0/../../../:/home/nicolas/miniconda3/envs/cmake-tutorial/bin/../x86_64-conda-linux-gnu/sysroot/lib/:/home/nicolas/miniconda3/envs/cmake-tutorial/bin/../x86_64-conda-linux-gnu/sysroot/usr/lib/]
  ignore line: [COLLECT_GCC_OPTIONS='-march=nocona' '-mtune=haswell' '-ftree-vectorize' '-fPIC' '-fstack-protector-strong' '-fno-plt' '-O2' '-ffunction-sections' '-pipe' '-isystem' '/home/nicolas/miniconda3/envs/cmake-tutorial/include' '-v' '-o' 'CMakeFiles/cmTC_4ba21.dir/CMakeCCompilerABI.c.o' '-c']
  ignore line: [[2/2] Linking C executable cmTC_4ba21]
  ignore line: [Reading specs from /home/nicolas/miniconda3/envs/cmake-tutorial/bin/../lib/gcc/x86_64-conda-linux-gnu/10.3.0/specs]
  ignore line: [could not find specs file conda.specs]
  ignore line: [COLLECT_GCC=/home/nicolas/miniconda3/envs/cmake-tutorial/bin/x86_64-conda-linux-gnu-cc]
  ignore line: [COLLECT_LTO_WRAPPER=/home/nicolas/miniconda3/envs/cmake-tutorial/bin/../libexec/gcc/x86_64-conda-linux-gnu/10.3.0/lto-wrapper]
  ignore line: [Target: x86_64-conda-linux-gnu]
  ignore line: [Configured with: ../configure --prefix=/home/conda/feedstock_root/build_artifacts/gcc_compilers_1650668905383/_h_env_placehold_placehold_placehold_placehold_placehold_placehold_placehold_placehold_placehold_placehold_placehold_placehold_placehold_placehold_placehold_placehold_placehold_placeho --with-slibdir=/home/conda/feedstock_root/build_artifacts/gcc_compilers_1650668905383/_h_env_placehold_placehold_placehold_placehold_placehold_placehold_placehold_placehold_placehold_placehold_placehold_placehold_placehold_placehold_placehold_placehold_placehold_placeho/lib --libdir=/home/conda/feedstock_root/build_artifacts/gcc_compilers_1650668905383/_h_env_placehold_placehold_placehold_placehold_placehold_placehold_placehold_placehold_placehold_placehold_placehold_placehold_placehold_placehold_placehold_placehold_placehold_placeho/lib --mandir=/home/conda/feedstock_root/build_artifacts/gcc_compilers_1650668905383/_h_env_placehold_placehold_placehold_placehold_placehold_placehold_placehold_placehold_placehold_placehold_placehold_placehold_placehold_placehold_placehold_placehold_placehold_placeho/man --build=x86_64-conda-linux-gnu --host=x86_64-conda-linux-gnu --target=x86_64-conda-linux-gnu --enable-default-pie --enable-languages=c c++ fortran objc obj-c++ --enable-__cxa_atexit --disable-libmudflap --enable-libgomp --disable-libssp --enable-libquadmath --enable-libquadmath-support --enable-libsanitizer --enable-lto --enable-threads=posix --enable-target-optspace --enable-plugin --enable-gold --disable-nls --disable-bootstrap --disable-multilib --enable-long-long --with-sysroot=/home/conda/feedstock_root/build_artifacts/gcc_compilers_1650668905383/_h_env_placehold_placehold_placehold_placehold_placehold_placehold_placehold_placehold_placehold_placehold_placehold_placehold_placehold_placehold_placehold_placehold_placehold_placeho/x86_64-conda-linux-gnu/sysroot --with-build-sysroot=/home/conda/feedstock_root/build_artifacts/gcc_compilers_1650668905383/_build_env/x86_64-conda-linux-gnu/sysroot --with-gxx-include-dir=/home/conda/feedstock_root/build_artifacts/gcc_compilers_1650668905383/_h_env_placehold_placehold_placehold_placehold_placehold_placehold_placehold_placehold_placehold_placehold_placehold_placehold_placehold_placehold_placehold_placehold_placehold_placeho/x86_64-conda-linux-gnu/include/c++/10.3.0 --with-pkgversion='conda-forge gcc 10.3.0-16' --with-bugurl=https://github.com/conda-forge/ctng-compilers-feedstock/issues/new/choose]
  ignore line: [Thread model: posix]
  ignore line: [Supported LTO compression algorithms: zlib]
  ignore line: [gcc version 10.3.0 (conda-forge gcc 10.3.0-16) ]
  ignore line: [COMPILER_PATH=/home/nicolas/miniconda3/envs/cmake-tutorial/bin/../libexec/gcc/x86_64-conda-linux-gnu/10.3.0/:/home/nicolas/miniconda3/envs/cmake-tutorial/bin/../libexec/gcc/:/home/nicolas/miniconda3/envs/cmake-tutorial/bin/../lib/gcc/x86_64-conda-linux-gnu/10.3.0/../../../../x86_64-conda-linux-gnu/bin/]
  ignore line: [LIBRARY_PATH=/home/nicolas/miniconda3/envs/cmake-tutorial/bin/../lib/gcc/x86_64-conda-linux-gnu/10.3.0/:/home/nicolas/miniconda3/envs/cmake-tutorial/bin/../lib/gcc/:/home/nicolas/miniconda3/envs/cmake-tutorial/bin/../lib/gcc/x86_64-conda-linux-gnu/10.3.0/../../../../x86_64-conda-linux-gnu/lib/../lib/:/home/nicolas/miniconda3/envs/cmake-tutorial/bin/../lib/gcc/x86_64-conda-linux-gnu/10.3.0/../../../../lib/:/home/nicolas/miniconda3/envs/cmake-tutorial/bin/../x86_64-conda-linux-gnu/sysroot/lib/../lib/:/home/nicolas/miniconda3/envs/cmake-tutorial/bin/../x86_64-conda-linux-gnu/sysroot/usr/lib/../lib/:/home/nicolas/miniconda3/envs/cmake-tutorial/bin/../lib/gcc/x86_64-conda-linux-gnu/10.3.0/../../../../x86_64-conda-linux-gnu/lib/:/home/nicolas/miniconda3/envs/cmake-tutorial/bin/../lib/gcc/x86_64-conda-linux-gnu/10.3.0/../../../:/home/nicolas/miniconda3/envs/cmake-tutorial/bin/../x86_64-conda-linux-gnu/sysroot/lib/:/home/nicolas/miniconda3/envs/cmake-tutorial/bin/../x86_64-conda-linux-gnu/sysroot/usr/lib/]
  ignore line: [COLLECT_GCC_OPTIONS='-march=nocona' '-mtune=haswell' '-ftree-vectorize' '-fPIC' '-fstack-protector-strong' '-fno-plt' '-O2' '-ffunction-sections' '-pipe' '-isystem' '/home/nicolas/miniconda3/envs/cmake-tutorial/include' '-L/home/nicolas/miniconda3/envs/cmake-tutorial/lib' '-v' '-o' 'cmTC_4ba21']
  link line: [ /home/nicolas/miniconda3/envs/cmake-tutorial/bin/../libexec/gcc/x86_64-conda-linux-gnu/10.3.0/collect2 -plugin /home/nicolas/miniconda3/envs/cmake-tutorial/bin/../libexec/gcc/x86_64-conda-linux-gnu/10.3.0/liblto_plugin.so -plugin-opt=/home/nicolas/miniconda3/envs/cmake-tutorial/bin/../libexec/gcc/x86_64-conda-linux-gnu/10.3.0/lto-wrapper -plugin-opt=-fresolution=/tmp/cc0hlE53.res -plugin-opt=-pass-through=-lgcc -plugin-opt=-pass-through=-lgcc_s -plugin-opt=-pass-through=-lc -plugin-opt=-pass-through=-lgcc -plugin-opt=-pass-through=-lgcc_s --sysroot=/home/nicolas/miniconda3/envs/cmake-tutorial/bin/../x86_64-conda-linux-gnu/sysroot --eh-frame-hdr -m elf_x86_64 -dynamic-linker /lib64/ld-linux-x86-64.so.2 -pie -o cmTC_4ba21 /home/nicolas/miniconda3/envs/cmake-tutorial/bin/../x86_64-conda-linux-gnu/sysroot/usr/lib/../lib/Scrt1.o /home/nicolas/miniconda3/envs/cmake-tutorial/bin/../x86_64-conda-linux-gnu/sysroot/usr/lib/../lib/crti.o /home/nicolas/miniconda3/envs/cmake-tutorial/bin/../lib/gcc/x86_64-conda-linux-gnu/10.3.0/crtbeginS.o -L/home/nicolas/miniconda3/envs/cmake-tutorial/lib -L/home/nicolas/miniconda3/envs/cmake-tutorial/bin/../lib/gcc/x86_64-conda-linux-gnu/10.3.0 -L/home/nicolas/miniconda3/envs/cmake-tutorial/bin/../lib/gcc -L/home/nicolas/miniconda3/envs/cmake-tutorial/bin/../lib/gcc/x86_64-conda-linux-gnu/10.3.0/../../../../x86_64-conda-linux-gnu/lib/../lib -L/home/nicolas/miniconda3/envs/cmake-tutorial/bin/../lib/gcc/x86_64-conda-linux-gnu/10.3.0/../../../../lib -L/home/nicolas/miniconda3/envs/cmake-tutorial/bin/../x86_64-conda-linux-gnu/sysroot/lib/../lib -L/home/nicolas/miniconda3/envs/cmake-tutorial/bin/../x86_64-conda-linux-gnu/sysroot/usr/lib/../lib -L/home/nicolas/miniconda3/envs/cmake-tutorial/bin/../lib/gcc/x86_64-conda-linux-gnu/10.3.0/../../../../x86_64-conda-linux-gnu/lib -L/home/nicolas/miniconda3/envs/cmake-tutorial/bin/../lib/gcc/x86_64-conda-linux-gnu/10.3.0/../../.. -L/home/nicolas/miniconda3/envs/cmake-tutorial/bin/../x86_64-conda-linux-gnu/sysroot/lib -L/home/nicolas/miniconda3/envs/cmake-tutorial/bin/../x86_64-conda-linux-gnu/sysroot/usr/lib -O2 --sort-common --as-needed -z relro -z now --disable-new-dtags --gc-sections --allow-shlib-undefined -rpath /home/nicolas/miniconda3/envs/cmake-tutorial/lib -rpath-link /home/nicolas/miniconda3/envs/cmake-tutorial/lib CMakeFiles/cmTC_4ba21.dir/CMakeCCompilerABI.c.o -lgcc --push-state --as-needed -lgcc_s --pop-state -lc -lgcc --push-state --as-needed -lgcc_s --pop-state /home/nicolas/miniconda3/envs/cmake-tutorial/bin/../lib/gcc/x86_64-conda-linux-gnu/10.3.0/crtendS.o /home/nicolas/miniconda3/envs/cmake-tutorial/bin/../x86_64-conda-linux-gnu/sysroot/usr/lib/../lib/crtn.o -rpath /home/nicolas/miniconda3/envs/cmake-tutorial/lib]
    arg [/home/nicolas/miniconda3/envs/cmake-tutorial/bin/../libexec/gcc/x86_64-conda-linux-gnu/10.3.0/collect2] ==> ignore
    arg [-plugin] ==> ignore
    arg [/home/nicolas/miniconda3/envs/cmake-tutorial/bin/../libexec/gcc/x86_64-conda-linux-gnu/10.3.0/liblto_plugin.so] ==> ignore
    arg [-plugin-opt=/home/nicolas/miniconda3/envs/cmake-tutorial/bin/../libexec/gcc/x86_64-conda-linux-gnu/10.3.0/lto-wrapper] ==> ignore
    arg [-plugin-opt=-fresolution=/tmp/cc0hlE53.res] ==> ignore
    arg [-plugin-opt=-pass-through=-lgcc] ==> ignore
    arg [-plugin-opt=-pass-through=-lgcc_s] ==> ignore
    arg [-plugin-opt=-pass-through=-lc] ==> ignore
    arg [-plugin-opt=-pass-through=-lgcc] ==> ignore
    arg [-plugin-opt=-pass-through=-lgcc_s] ==> ignore
    arg [--sysroot=/home/nicolas/miniconda3/envs/cmake-tutorial/bin/../x86_64-conda-linux-gnu/sysroot] ==> ignore
    arg [--eh-frame-hdr] ==> ignore
    arg [-m] ==> ignore
    arg [elf_x86_64] ==> ignore
    arg [-dynamic-linker] ==> ignore
    arg [/lib64/ld-linux-x86-64.so.2] ==> ignore
    arg [-pie] ==> ignore
    arg [-o] ==> ignore
    arg [cmTC_4ba21] ==> ignore
    arg [/home/nicolas/miniconda3/envs/cmake-tutorial/bin/../x86_64-conda-linux-gnu/sysroot/usr/lib/../lib/Scrt1.o] ==> obj [/home/nicolas/miniconda3/envs/cmake-tutorial/bin/../x86_64-conda-linux-gnu/sysroot/usr/lib/../lib/Scrt1.o]
    arg [/home/nicolas/miniconda3/envs/cmake-tutorial/bin/../x86_64-conda-linux-gnu/sysroot/usr/lib/../lib/crti.o] ==> obj [/home/nicolas/miniconda3/envs/cmake-tutorial/bin/../x86_64-conda-linux-gnu/sysroot/usr/lib/../lib/crti.o]
    arg [/home/nicolas/miniconda3/envs/cmake-tutorial/bin/../lib/gcc/x86_64-conda-linux-gnu/10.3.0/crtbeginS.o] ==> obj [/home/nicolas/miniconda3/envs/cmake-tutorial/bin/../lib/gcc/x86_64-conda-linux-gnu/10.3.0/crtbeginS.o]
    arg [-L/home/nicolas/miniconda3/envs/cmake-tutorial/lib] ==> dir [/home/nicolas/miniconda3/envs/cmake-tutorial/lib]
    arg [-L/home/nicolas/miniconda3/envs/cmake-tutorial/bin/../lib/gcc/x86_64-conda-linux-gnu/10.3.0] ==> dir [/home/nicolas/miniconda3/envs/cmake-tutorial/bin/../lib/gcc/x86_64-conda-linux-gnu/10.3.0]
    arg [-L/home/nicolas/miniconda3/envs/cmake-tutorial/bin/../lib/gcc] ==> dir [/home/nicolas/miniconda3/envs/cmake-tutorial/bin/../lib/gcc]
    arg [-L/home/nicolas/miniconda3/envs/cmake-tutorial/bin/../lib/gcc/x86_64-conda-linux-gnu/10.3.0/../../../../x86_64-conda-linux-gnu/lib/../lib] ==> dir [/home/nicolas/miniconda3/envs/cmake-tutorial/bin/../lib/gcc/x86_64-conda-linux-gnu/10.3.0/../../../../x86_64-conda-linux-gnu/lib/../lib]
    arg [-L/home/nicolas/miniconda3/envs/cmake-tutorial/bin/../lib/gcc/x86_64-conda-linux-gnu/10.3.0/../../../../lib] ==> dir [/home/nicolas/miniconda3/envs/cmake-tutorial/bin/../lib/gcc/x86_64-conda-linux-gnu/10.3.0/../../../../lib]
    arg [-L/home/nicolas/miniconda3/envs/cmake-tutorial/bin/../x86_64-conda-linux-gnu/sysroot/lib/../lib] ==> dir [/home/nicolas/miniconda3/envs/cmake-tutorial/bin/../x86_64-conda-linux-gnu/sysroot/lib/../lib]
    arg [-L/home/nicolas/miniconda3/envs/cmake-tutorial/bin/../x86_64-conda-linux-gnu/sysroot/usr/lib/../lib] ==> dir [/home/nicolas/miniconda3/envs/cmake-tutorial/bin/../x86_64-conda-linux-gnu/sysroot/usr/lib/../lib]
    arg [-L/home/nicolas/miniconda3/envs/cmake-tutorial/bin/../lib/gcc/x86_64-conda-linux-gnu/10.3.0/../../../../x86_64-conda-linux-gnu/lib] ==> dir [/home/nicolas/miniconda3/envs/cmake-tutorial/bin/../lib/gcc/x86_64-conda-linux-gnu/10.3.0/../../../../x86_64-conda-linux-gnu/lib]
    arg [-L/home/nicolas/miniconda3/envs/cmake-tutorial/bin/../lib/gcc/x86_64-conda-linux-gnu/10.3.0/../../..] ==> dir [/home/nicolas/miniconda3/envs/cmake-tutorial/bin/../lib/gcc/x86_64-conda-linux-gnu/10.3.0/../../..]
    arg [-L/home/nicolas/miniconda3/envs/cmake-tutorial/bin/../x86_64-conda-linux-gnu/sysroot/lib] ==> dir [/home/nicolas/miniconda3/envs/cmake-tutorial/bin/../x86_64-conda-linux-gnu/sysroot/lib]
    arg [-L/home/nicolas/miniconda3/envs/cmake-tutorial/bin/../x86_64-conda-linux-gnu/sysroot/usr/lib] ==> dir [/home/nicolas/miniconda3/envs/cmake-tutorial/bin/../x86_64-conda-linux-gnu/sysroot/usr/lib]
    arg [-O2] ==> ignore
    arg [--sort-common] ==> ignore
    arg [--as-needed] ==> ignore
    arg [-zrelro] ==> ignore
    arg [-znow] ==> ignore
    arg [--disable-new-dtags] ==> ignore
    arg [--gc-sections] ==> ignore
    arg [--allow-shlib-undefined] ==> ignore
    arg [-rpath] ==> ignore
    arg [/home/nicolas/miniconda3/envs/cmake-tutorial/lib] ==> ignore
    arg [-rpath-link] ==> ignore
    arg [/home/nicolas/miniconda3/envs/cmake-tutorial/lib] ==> ignore
    arg [CMakeFiles/cmTC_4ba21.dir/CMakeCCompilerABI.c.o] ==> ignore
    arg [-lgcc] ==> lib [gcc]
    arg [--push-state] ==> ignore
    arg [--as-needed] ==> ignore
    arg [-lgcc_s] ==> lib [gcc_s]
    arg [--pop-state] ==> ignore
    arg [-lc] ==> lib [c]
    arg [-lgcc] ==> lib [gcc]
    arg [--push-state] ==> ignore
    arg [--as-needed] ==> ignore
    arg [-lgcc_s] ==> lib [gcc_s]
    arg [--pop-state] ==> ignore
    arg [/home/nicolas/miniconda3/envs/cmake-tutorial/bin/../lib/gcc/x86_64-conda-linux-gnu/10.3.0/crtendS.o] ==> obj [/home/nicolas/miniconda3/envs/cmake-tutorial/bin/../lib/gcc/x86_64-conda-linux-gnu/10.3.0/crtendS.o]
    arg [/home/nicolas/miniconda3/envs/cmake-tutorial/bin/../x86_64-conda-linux-gnu/sysroot/usr/lib/../lib/crtn.o] ==> obj [/home/nicolas/miniconda3/envs/cmake-tutorial/bin/../x86_64-conda-linux-gnu/sysroot/usr/lib/../lib/crtn.o]
    arg [-rpath] ==> ignore
    arg [/home/nicolas/miniconda3/envs/cmake-tutorial/lib] ==> ignore
  collapse obj [/home/nicolas/miniconda3/envs/cmake-tutorial/bin/../x86_64-conda-linux-gnu/sysroot/usr/lib/../lib/Scrt1.o] ==> [/home/nicolas/miniconda3/envs/cmake-tutorial/x86_64-conda-linux-gnu/sysroot/usr/lib/Scrt1.o]
  collapse obj [/home/nicolas/miniconda3/envs/cmake-tutorial/bin/../x86_64-conda-linux-gnu/sysroot/usr/lib/../lib/crti.o] ==> [/home/nicolas/miniconda3/envs/cmake-tutorial/x86_64-conda-linux-gnu/sysroot/usr/lib/crti.o]
  collapse obj [/home/nicolas/miniconda3/envs/cmake-tutorial/bin/../lib/gcc/x86_64-conda-linux-gnu/10.3.0/crtbeginS.o] ==> [/home/nicolas/miniconda3/envs/cmake-tutorial/lib/gcc/x86_64-conda-linux-gnu/10.3.0/crtbeginS.o]
  collapse obj [/home/nicolas/miniconda3/envs/cmake-tutorial/bin/../lib/gcc/x86_64-conda-linux-gnu/10.3.0/crtendS.o] ==> [/home/nicolas/miniconda3/envs/cmake-tutorial/lib/gcc/x86_64-conda-linux-gnu/10.3.0/crtendS.o]
  collapse obj [/home/nicolas/miniconda3/envs/cmake-tutorial/bin/../x86_64-conda-linux-gnu/sysroot/usr/lib/../lib/crtn.o] ==> [/home/nicolas/miniconda3/envs/cmake-tutorial/x86_64-conda-linux-gnu/sysroot/usr/lib/crtn.o]
  collapse library dir [/home/nicolas/miniconda3/envs/cmake-tutorial/lib] ==> [/home/nicolas/miniconda3/envs/cmake-tutorial/lib]
  collapse library dir [/home/nicolas/miniconda3/envs/cmake-tutorial/bin/../lib/gcc/x86_64-conda-linux-gnu/10.3.0] ==> [/home/nicolas/miniconda3/envs/cmake-tutorial/lib/gcc/x86_64-conda-linux-gnu/10.3.0]
  collapse library dir [/home/nicolas/miniconda3/envs/cmake-tutorial/bin/../lib/gcc] ==> [/home/nicolas/miniconda3/envs/cmake-tutorial/lib/gcc]
  collapse library dir [/home/nicolas/miniconda3/envs/cmake-tutorial/bin/../lib/gcc/x86_64-conda-linux-gnu/10.3.0/../../../../x86_64-conda-linux-gnu/lib/../lib] ==> [/home/nicolas/miniconda3/envs/cmake-tutorial/x86_64-conda-linux-gnu/lib]
  collapse library dir [/home/nicolas/miniconda3/envs/cmake-tutorial/bin/../lib/gcc/x86_64-conda-linux-gnu/10.3.0/../../../../lib] ==> [/home/nicolas/miniconda3/envs/cmake-tutorial/lib]
  collapse library dir [/home/nicolas/miniconda3/envs/cmake-tutorial/bin/../x86_64-conda-linux-gnu/sysroot/lib/../lib] ==> [/home/nicolas/miniconda3/envs/cmake-tutorial/x86_64-conda-linux-gnu/sysroot/lib]
  collapse library dir [/home/nicolas/miniconda3/envs/cmake-tutorial/bin/../x86_64-conda-linux-gnu/sysroot/usr/lib/../lib] ==> [/home/nicolas/miniconda3/envs/cmake-tutorial/x86_64-conda-linux-gnu/sysroot/usr/lib]
  collapse library dir [/home/nicolas/miniconda3/envs/cmake-tutorial/bin/../lib/gcc/x86_64-conda-linux-gnu/10.3.0/../../../../x86_64-conda-linux-gnu/lib] ==> [/home/nicolas/miniconda3/envs/cmake-tutorial/x86_64-conda-linux-gnu/lib]
  collapse library dir [/home/nicolas/miniconda3/envs/cmake-tutorial/bin/../lib/gcc/x86_64-conda-linux-gnu/10.3.0/../../..] ==> [/home/nicolas/miniconda3/envs/cmake-tutorial/lib]
  collapse library dir [/home/nicolas/miniconda3/envs/cmake-tutorial/bin/../x86_64-conda-linux-gnu/sysroot/lib] ==> [/home/nicolas/miniconda3/envs/cmake-tutorial/x86_64-conda-linux-gnu/sysroot/lib]
  collapse library dir [/home/nicolas/miniconda3/envs/cmake-tutorial/bin/../x86_64-conda-linux-gnu/sysroot/usr/lib] ==> [/home/nicolas/miniconda3/envs/cmake-tutorial/x86_64-conda-linux-gnu/sysroot/usr/lib]
  implicit libs: [gcc;gcc_s;c;gcc;gcc_s]
  implicit objs: [/home/nicolas/miniconda3/envs/cmake-tutorial/x86_64-conda-linux-gnu/sysroot/usr/lib/Scrt1.o;/home/nicolas/miniconda3/envs/cmake-tutorial/x86_64-conda-linux-gnu/sysroot/usr/lib/crti.o;/home/nicolas/miniconda3/envs/cmake-tutorial/lib/gcc/x86_64-conda-linux-gnu/10.3.0/crtbeginS.o;/home/nicolas/miniconda3/envs/cmake-tutorial/lib/gcc/x86_64-conda-linux-gnu/10.3.0/crtendS.o;/home/nicolas/miniconda3/envs/cmake-tutorial/x86_64-conda-linux-gnu/sysroot/usr/lib/crtn.o]
  implicit dirs: [/home/nicolas/miniconda3/envs/cmake-tutorial/lib;/home/nicolas/miniconda3/envs/cmake-tutorial/lib/gcc/x86_64-conda-linux-gnu/10.3.0;/home/nicolas/miniconda3/envs/cmake-tutorial/lib/gcc;/home/nicolas/miniconda3/envs/cmake-tutorial/x86_64-conda-linux-gnu/lib;/home/nicolas/miniconda3/envs/cmake-tutorial/x86_64-conda-linux-gnu/sysroot/lib;/home/nicolas/miniconda3/envs/cmake-tutorial/x86_64-conda-linux-gnu/sysroot/usr/lib]
  implicit fwks: []


Detecting CXX compiler ABI info compiled with the following output:
Change Dir: /home/nicolas/edii/dcc012b-lab02-sort-wrathg/build/CMakeFiles/CMakeTmp

Run Build Command(s):/home/nicolas/miniconda3/envs/cmake-tutorial/bin/ninja cmTC_2ba8c && [1/2] Building CXX object CMakeFiles/cmTC_2ba8c.dir/CMakeCXXCompilerABI.cpp.o
Reading specs from /home/nicolas/miniconda3/envs/cmake-tutorial/bin/../lib/gcc/x86_64-conda-linux-gnu/10.3.0/specs
could not find specs file conda.specs
COLLECT_GCC=/home/nicolas/miniconda3/envs/cmake-tutorial/bin/x86_64-conda-linux-gnu-c++
Target: x86_64-conda-linux-gnu
Configured with: ../configure --prefix=/home/conda/feedstock_root/build_artifacts/gcc_compilers_1650668905383/_h_env_placehold_placehold_placehold_placehold_placehold_placehold_placehold_placehold_placehold_placehold_placehold_placehold_placehold_placehold_placehold_placehold_placehold_placeho --with-slibdir=/home/conda/feedstock_root/build_artifacts/gcc_compilers_1650668905383/_h_env_placehold_placehold_placehold_placehold_placehold_placehold_placehold_placehold_placehold_placehold_placehold_placehold_placehold_placehold_placehold_placehold_placehold_placeho/lib --libdir=/home/conda/feedstock_root/build_artifacts/gcc_compilers_1650668905383/_h_env_placehold_placehold_placehold_placehold_placehold_placehold_placehold_placehold_placehold_placehold_placehold_placehold_placehold_placehold_placehold_placehold_placehold_placeho/lib --mandir=/home/conda/feedstock_root/build_artifacts/gcc_compilers_1650668905383/_h_env_placehold_placehold_placehold_placehold_placehold_placehold_placehold_placehold_placehold_placehold_placehold_placehold_placehold_placehold_placehold_placehold_placehold_placeho/man --build=x86_64-conda-linux-gnu --host=x86_64-conda-linux-gnu --target=x86_64-conda-linux-gnu --enable-default-pie --enable-languages=c,c++,fortran,objc,obj-c++ --enable-__cxa_atexit --disable-libmudflap --enable-libgomp --disable-libssp --enable-libquadmath --enable-libquadmath-support --enable-libsanitizer --enable-lto --enable-threads=posix --enable-target-optspace --enable-plugin --enable-gold --disable-nls --disable-bootstrap --disable-multilib --enable-long-long --with-sysroot=/home/conda/feedstock_root/build_artifacts/gcc_compilers_1650668905383/_h_env_placehold_placehold_placehold_placehold_placehold_placehold_placehold_placehold_placehold_placehold_placehold_placehold_placehold_placehold_placehold_placehold_placehold_placeho/x86_64-conda-linux-gnu/sysroot --with-build-sysroot=/home/conda/feedstock_root/build_artifacts/gcc_compilers_1650668905383/_build_env/x86_64-conda-linux-gnu/sysroot --with-gxx-include-dir=/home/conda/feedstock_root/build_artifacts/gcc_compilers_1650668905383/_h_env_placehold_placehold_placehold_placehold_placehold_placehold_placehold_placehold_placehold_placehold_placehold_placehold_placehold_placehold_placehold_placehold_placehold_placeho/x86_64-conda-linux-gnu/include/c++/10.3.0 --with-pkgversion='conda-forge gcc 10.3.0-16' --with-bugurl=https://github.com/conda-forge/ctng-compilers-feedstock/issues/new/choose
Thread model: posix
Supported LTO compression algorithms: zlib
gcc version 10.3.0 (conda-forge gcc 10.3.0-16) 
COLLECT_GCC_OPTIONS='-fvisibility-inlines-hidden' '-std=c++17' '-fmessage-length=0' '-march=nocona' '-mtune=haswell' '-ftree-vectorize' '-fPIC' '-fstack-protector-strong' '-fno-plt' '-O2' '-ffunction-sections' '-pipe' '-isystem' '/home/nicolas/miniconda3/envs/cmake-tutorial/include' '-v' '-o' 'CMakeFiles/cmTC_2ba8c.dir/CMakeCXXCompilerABI.cpp.o' '-c' '-shared-libgcc'
 /home/nicolas/miniconda3/envs/cmake-tutorial/bin/../libexec/gcc/x86_64-conda-linux-gnu/10.3.0/cc1plus -quiet -v -iprefix /home/nicolas/miniconda3/envs/cmake-tutorial/bin/../lib/gcc/x86_64-conda-linux-gnu/10.3.0/ -isysroot /home/nicolas/miniconda3/envs/cmake-tutorial/bin/../x86_64-conda-linux-gnu/sysroot -D_GNU_SOURCE -isystem /home/nicolas/miniconda3/envs/cmake-tutorial/include /home/nicolas/miniconda3/envs/cmake-tutorial/share/cmake-3.23/Modules/CMakeCXXCompilerABI.cpp -quiet -dumpbase CMakeCXXCompilerABI.cpp -march=nocona -mtune=haswell -auxbase-strip CMakeFiles/cmTC_2ba8c.dir/CMakeCXXCompilerABI.cpp.o -O2 -std=c++17 -version -fvisibility-inlines-hidden -fmessage-length=0 -ftree-vectorize -fPIC -fstack-protector-strong -fno-plt -ffunction-sections -o - |
 /home/nicolas/miniconda3/envs/cmake-tutorial/bin/../lib/gcc/x86_64-conda-linux-gnu/10.3.0/../../../../x86_64-conda-linux-gnu/bin/as -v --64 -o CMakeFiles/cmTC_2ba8c.dir/CMakeCXXCompilerABI.cpp.o
GNU assembler version 2.36.1 (x86_64-conda-linux-gnu) using BFD version (GNU Binutils) 2.36.1
GNU C++17 (conda-forge gcc 10.3.0-16) version 10.3.0 (x86_64-conda-linux-gnu)
	compiled by GNU C version 10.3.0, GMP version 6.1.0, MPFR version 3.1.4, MPC version 1.0.3, isl version isl-0.18-GMP

GGC heuristics: --param ggc-min-expand=100 --param ggc-min-heapsize=131072
ignoring duplicate directory "/home/nicolas/miniconda3/envs/cmake-tutorial/bin/../lib/gcc/../../lib/gcc/x86_64-conda-linux-gnu/10.3.0/include"
ignoring nonexistent directory "/home/nicolas/miniconda3/envs/cmake-tutorial/bin/../x86_64-conda-linux-gnu/sysroot/usr/local/include"
ignoring duplicate directory "/home/nicolas/miniconda3/envs/cmake-tutorial/bin/../lib/gcc/../../lib/gcc/x86_64-conda-linux-gnu/10.3.0/include-fixed"
ignoring duplicate directory "/home/nicolas/miniconda3/envs/cmake-tutorial/bin/../lib/gcc/../../lib/gcc/x86_64-conda-linux-gnu/10.3.0/../../../../x86_64-conda-linux-gnu/include"
#include "..." search starts here:
#include <...> search starts here:
 /home/nicolas/miniconda3/envs/cmake-tutorial/include
 /home/nicolas/miniconda3/envs/cmake-tutorial/bin/../lib/gcc/x86_64-conda-linux-gnu/10.3.0/include
 /home/nicolas/miniconda3/envs/cmake-tutorial/bin/../lib/gcc/x86_64-conda-linux-gnu/10.3.0/include-fixed
 /home/nicolas/miniconda3/envs/cmake-tutorial/bin/../lib/gcc/x86_64-conda-linux-gnu/10.3.0/../../../../x86_64-conda-linux-gnu/include
 /home/nicolas/miniconda3/envs/cmake-tutorial/bin/../lib/gcc/../../x86_64-conda-linux-gnu/include/c++/10.3.0
 /home/nicolas/miniconda3/envs/cmake-tutorial/bin/../lib/gcc/../../x86_64-conda-linux-gnu/include/c++/10.3.0/x86_64-conda-linux-gnu
 /home/nicolas/miniconda3/envs/cmake-tutorial/bin/../lib/gcc/../../x86_64-conda-linux-gnu/include/c++/10.3.0/backward
 /home/nicolas/miniconda3/envs/cmake-tutorial/bin/../x86_64-conda-linux-gnu/sysroot/usr/include
End of search list.
GNU C++17 (conda-forge gcc 10.3.0-16) version 10.3.0 (x86_64-conda-linux-gnu)
	compiled by GNU C version 10.3.0, GMP version 6.1.0, MPFR version 3.1.4, MPC version 1.0.3, isl version isl-0.18-GMP

GGC heuristics: --param ggc-min-expand=100 --param ggc-min-heapsize=131072
Compiler executable checksum: e1c8fb57619ce138e8af3084d7412096
COMPILER_PATH=/home/nicolas/miniconda3/envs/cmake-tutorial/bin/../libexec/gcc/x86_64-conda-linux-gnu/10.3.0/:/home/nicolas/miniconda3/envs/cmake-tutorial/bin/../libexec/gcc/:/home/nicolas/miniconda3/envs/cmake-tutorial/bin/../lib/gcc/x86_64-conda-linux-gnu/10.3.0/../../../../x86_64-conda-linux-gnu/bin/
LIBRARY_PATH=/home/nicolas/miniconda3/envs/cmake-tutorial/bin/../lib/gcc/x86_64-conda-linux-gnu/10.3.0/:/home/nicolas/miniconda3/envs/cmake-tutorial/bin/../lib/gcc/:/home/nicolas/miniconda3/envs/cmake-tutorial/bin/../lib/gcc/x86_64-conda-linux-gnu/10.3.0/../../../../x86_64-conda-linux-gnu/lib/../lib/:/home/nicolas/miniconda3/envs/cmake-tutorial/bin/../lib/gcc/x86_64-conda-linux-gnu/10.3.0/../../../../lib/:/home/nicolas/miniconda3/envs/cmake-tutorial/bin/../x86_64-conda-linux-gnu/sysroot/lib/../lib/:/home/nicolas/miniconda3/envs/cmake-tutorial/bin/../x86_64-conda-linux-gnu/sysroot/usr/lib/../lib/:/home/nicolas/miniconda3/envs/cmake-tutorial/bin/../lib/gcc/x86_64-conda-linux-gnu/10.3.0/../../../../x86_64-conda-linux-gnu/lib/:/home/nicolas/miniconda3/envs/cmake-tutorial/bin/../lib/gcc/x86_64-conda-linux-gnu/10.3.0/../../../:/home/nicolas/miniconda3/envs/cmake-tutorial/bin/../x86_64-conda-linux-gnu/sysroot/lib/:/home/nicolas/miniconda3/envs/cmake-tutorial/bin/../x86_64-conda-linux-gnu/sysroot/usr/lib/
COLLECT_GCC_OPTIONS='-fvisibility-inlines-hidden' '-std=c++17' '-fmessage-length=0' '-march=nocona' '-mtune=haswell' '-ftree-vectorize' '-fPIC' '-fstack-protector-strong' '-fno-plt' '-O2' '-ffunction-sections' '-pipe' '-isystem' '/home/nicolas/miniconda3/envs/cmake-tutorial/include' '-v' '-o' 'CMakeFiles/cmTC_2ba8c.dir/CMakeCXXCompilerABI.cpp.o' '-c' '-shared-libgcc'
[2/2] Linking CXX executable cmTC_2ba8c
Reading specs from /home/nicolas/miniconda3/envs/cmake-tutorial/bin/../lib/gcc/x86_64-conda-linux-gnu/10.3.0/specs
could not find specs file conda.specs
COLLECT_GCC=/home/nicolas/miniconda3/envs/cmake-tutorial/bin/x86_64-conda-linux-gnu-c++
COLLECT_LTO_WRAPPER=/home/nicolas/miniconda3/envs/cmake-tutorial/bin/../libexec/gcc/x86_64-conda-linux-gnu/10.3.0/lto-wrapper
Target: x86_64-conda-linux-gnu
Configured with: ../configure --prefix=/home/conda/feedstock_root/build_artifacts/gcc_compilers_1650668905383/_h_env_placehold_placehold_placehold_placehold_placehold_placehold_placehold_placehold_placehold_placehold_placehold_placehold_placehold_placehold_placehold_placehold_placehold_placeho --with-slibdir=/home/conda/feedstock_root/build_artifacts/gcc_compilers_1650668905383/_h_env_placehold_placehold_placehold_placehold_placehold_placehold_placehold_placehold_placehold_placehold_placehold_placehold_placehold_placehold_placehold_placehold_placehold_placeho/lib --libdir=/home/conda/feedstock_root/build_artifacts/gcc_compilers_1650668905383/_h_env_placehold_placehold_placehold_placehold_placehold_placehold_placehold_placehold_placehold_placehold_placehold_placehold_placehold_placehold_placehold_placehold_placehold_placeho/lib --mandir=/home/conda/feedstock_root/build_artifacts/gcc_compilers_1650668905383/_h_env_placehold_placehold_placehold_placehold_placehold_placehold_placehold_placehold_placehold_placehold_placehold_placehold_placehold_placehold_placehold_placehold_placehold_placeho/man --build=x86_64-conda-linux-gnu --host=x86_64-conda-linux-gnu --target=x86_64-conda-linux-gnu --enable-default-pie --enable-languages=c,c++,fortran,objc,obj-c++ --enable-__cxa_atexit --disable-libmudflap --enable-libgomp --disable-libssp --enable-libquadmath --enable-libquadmath-support --enable-libsanitizer --enable-lto --enable-threads=posix --enable-target-optspace --enable-plugin --enable-gold --disable-nls --disable-bootstrap --disable-multilib --enable-long-long --with-sysroot=/home/conda/feedstock_root/build_artifacts/gcc_compilers_1650668905383/_h_env_placehold_placehold_placehold_placehold_placehold_placehold_placehold_placehold_placehold_placehold_placehold_placehold_placehold_placehold_placehold_placehold_placehold_placeho/x86_64-conda-linux-gnu/sysroot --with-build-sysroot=/home/conda/feedstock_root/build_artifacts/gcc_compilers_1650668905383/_build_env/x86_64-conda-linux-gnu/sysroot --with-gxx-include-dir=/home/conda/feedstock_root/build_artifacts/gcc_compilers_1650668905383/_h_env_placehold_placehold_placehold_placehold_placehold_placehold_placehold_placehold_placehold_placehold_placehold_placehold_placehold_placehold_placehold_placehold_placehold_placeho/x86_64-conda-linux-gnu/include/c++/10.3.0 --with-pkgversion='conda-forge gcc 10.3.0-16' --with-bugurl=https://github.com/conda-forge/ctng-compilers-feedstock/issues/new/choose
Thread model: posix
Supported LTO compression algorithms: zlib
gcc version 10.3.0 (conda-forge gcc 10.3.0-16) 
COMPILER_PATH=/home/nicolas/miniconda3/envs/cmake-tutorial/bin/../libexec/gcc/x86_64-conda-linux-gnu/10.3.0/:/home/nicolas/miniconda3/envs/cmake-tutorial/bin/../libexec/gcc/:/home/nicolas/miniconda3/envs/cmake-tutorial/bin/../lib/gcc/x86_64-conda-linux-gnu/10.3.0/../../../../x86_64-conda-linux-gnu/bin/
LIBRARY_PATH=/home/nicolas/miniconda3/envs/cmake-tutorial/bin/../lib/gcc/x86_64-conda-linux-gnu/10.3.0/:/home/nicolas/miniconda3/envs/cmake-tutorial/bin/../lib/gcc/:/home/nicolas/miniconda3/envs/cmake-tutorial/bin/../lib/gcc/x86_64-conda-linux-gnu/10.3.0/../../../../x86_64-conda-linux-gnu/lib/../lib/:/home/nicolas/miniconda3/envs/cmake-tutorial/bin/../lib/gcc/x86_64-conda-linux-gnu/10.3.0/../../../../lib/:/home/nicolas/miniconda3/envs/cmake-tutorial/bin/../x86_64-conda-linux-gnu/sysroot/lib/../lib/:/home/nicolas/miniconda3/envs/cmake-tutorial/bin/../x86_64-conda-linux-gnu/sysroot/usr/lib/../lib/:/home/nicolas/miniconda3/envs/cmake-tutorial/bin/../lib/gcc/x86_64-conda-linux-gnu/10.3.0/../../../../x86_64-conda-linux-gnu/lib/:/home/nicolas/miniconda3/envs/cmake-tutorial/bin/../lib/gcc/x86_64-conda-linux-gnu/10.3.0/../../../:/home/nicolas/miniconda3/envs/cmake-tutorial/bin/../x86_64-conda-linux-gnu/sysroot/lib/:/home/nicolas/miniconda3/envs/cmake-tutorial/bin/../x86_64-conda-linux-gnu/sysroot/usr/lib/
COLLECT_GCC_OPTIONS='-fvisibility-inlines-hidden' '-std=c++17' '-fmessage-length=0' '-march=nocona' '-mtune=haswell' '-ftree-vectorize' '-fPIC' '-fstack-protector-strong' '-fno-plt' '-O2' '-ffunction-sections' '-pipe' '-isystem' '/home/nicolas/miniconda3/envs/cmake-tutorial/include' '-L/home/nicolas/miniconda3/envs/cmake-tutorial/lib' '-v' '-o' 'cmTC_2ba8c' '-shared-libgcc'
 /home/nicolas/miniconda3/envs/cmake-tutorial/bin/../libexec/gcc/x86_64-conda-linux-gnu/10.3.0/collect2 -plugin /home/nicolas/miniconda3/envs/cmake-tutorial/bin/../libexec/gcc/x86_64-conda-linux-gnu/10.3.0/liblto_plugin.so -plugin-opt=/home/nicolas/miniconda3/envs/cmake-tutorial/bin/../libexec/gcc/x86_64-conda-linux-gnu/10.3.0/lto-wrapper -plugin-opt=-fresolution=/tmp/ccFUKcPZ.res -plugin-opt=-pass-through=-lgcc_s -plugin-opt=-pass-through=-lgcc -plugin-opt=-pass-through=-lc -plugin-opt=-pass-through=-lgcc_s -plugin-opt=-pass-through=-lgcc --sysroot=/home/nicolas/miniconda3/envs/cmake-tutorial/bin/../x86_64-conda-linux-gnu/sysroot --eh-frame-hdr -m elf_x86_64 -dynamic-linker /lib64/ld-linux-x86-64.so.2 -pie -o cmTC_2ba8c /home/nicolas/miniconda3/envs/cmake-tutorial/bin/../x86_64-conda-linux-gnu/sysroot/usr/lib/../lib/Scrt1.o /home/nicolas/miniconda3/envs/cmake-tutorial/bin/../x86_64-conda-linux-gnu/sysroot/usr/lib/../lib/crti.o /home/nicolas/miniconda3/envs/cmake-tutorial/bin/../lib/gcc/x86_64-conda-linux-gnu/10.3.0/crtbeginS.o -L/home/nicolas/miniconda3/envs/cmake-tutorial/lib -L/home/nicolas/miniconda3/envs/cmake-tutorial/bin/../lib/gcc/x86_64-conda-linux-gnu/10.3.0 -L/home/nicolas/miniconda3/envs/cmake-tutorial/bin/../lib/gcc -L/home/nicolas/miniconda3/envs/cmake-tutorial/bin/../lib/gcc/x86_64-conda-linux-gnu/10.3.0/../../../../x86_64-conda-linux-gnu/lib/../lib -L/home/nicolas/miniconda3/envs/cmake-tutorial/bin/../lib/gcc/x86_64-conda-linux-gnu/10.3.0/../../../../lib -L/home/nicolas/miniconda3/envs/cmake-tutorial/bin/../x86_64-conda-linux-gnu/sysroot/lib/../lib -L/home/nicolas/miniconda3/envs/cmake-tutorial/bin/../x86_64-conda-linux-gnu/sysroot/usr/lib/../lib -L/home/nicolas/miniconda3/envs/cmake-tutorial/bin/../lib/gcc/x86_64-conda-linux-gnu/10.3.0/../../../../x86_64-conda-linux-gnu/lib -L/home/nicolas/miniconda3/envs/cmake-tutorial/bin/../lib/gcc/x86_64-conda-linux-gnu/10.3.0/../../.. -L/home/nicolas/miniconda3/envs/cmake-tutorial/bin/../x86_64-conda-linux-gnu/sysroot/lib -L/home/nicolas/miniconda3/envs/cmake-tutorial/bin/../x86_64-conda-linux-gnu/sysroot/usr/lib -O2 --sort-common --as-needed -z relro -z now --disable-new-dtags --gc-sections --allow-shlib-undefined -rpath /home/nicolas/miniconda3/envs/cmake-tutorial/lib -rpath-link /home/nicolas/miniconda3/envs/cmake-tutorial/lib CMakeFiles/cmTC_2ba8c.dir/CMakeCXXCompilerABI.cpp.o -lstdc++ -lm -lgcc_s -lgcc -lc -lgcc_s -lgcc /home/nicolas/miniconda3/envs/cmake-tutorial/bin/../lib/gcc/x86_64-conda-linux-gnu/10.3.0/crtendS.o /home/nicolas/miniconda3/envs/cmake-tutorial/bin/../x86_64-conda-linux-gnu/sysroot/usr/lib/../lib/crtn.o -rpath /home/nicolas/miniconda3/envs/cmake-tutorial/lib
COLLECT_GCC_OPTIONS='-fvisibility-inlines-hidden' '-std=c++17' '-fmessage-length=0' '-march=nocona' '-mtune=haswell' '-ftree-vectorize' '-fPIC' '-fstack-protector-strong' '-fno-plt' '-O2' '-ffunction-sections' '-pipe' '-isystem' '/home/nicolas/miniconda3/envs/cmake-tutorial/include' '-L/home/nicolas/miniconda3/envs/cmake-tutorial/lib' '-v' '-o' 'cmTC_2ba8c' '-shared-libgcc'



Parsed CXX implicit include dir info from above output: rv=done
  found start of include info
  found start of implicit include info
    add: [/home/nicolas/miniconda3/envs/cmake-tutorial/include]
    add: [/home/nicolas/miniconda3/envs/cmake-tutorial/bin/../lib/gcc/x86_64-conda-linux-gnu/10.3.0/include]
    add: [/home/nicolas/miniconda3/envs/cmake-tutorial/bin/../lib/gcc/x86_64-conda-linux-gnu/10.3.0/include-fixed]
    add: [/home/nicolas/miniconda3/envs/cmake-tutorial/bin/../lib/gcc/x86_64-conda-linux-gnu/10.3.0/../../../../x86_64-conda-linux-gnu/include]
    add: [/home/nicolas/miniconda3/envs/cmake-tutorial/bin/../lib/gcc/../../x86_64-conda-linux-gnu/include/c++/10.3.0]
    add: [/home/nicolas/miniconda3/envs/cmake-tutorial/bin/../lib/gcc/../../x86_64-conda-linux-gnu/include/c++/10.3.0/x86_64-conda-linux-gnu]
    add: [/home/nicolas/miniconda3/envs/cmake-tutorial/bin/../lib/gcc/../../x86_64-conda-linux-gnu/include/c++/10.3.0/backward]
    add: [/home/nicolas/miniconda3/envs/cmake-tutorial/bin/../x86_64-conda-linux-gnu/sysroot/usr/include]
  end of search list found
  collapse include dir [/home/nicolas/miniconda3/envs/cmake-tutorial/include] ==> [/home/nicolas/miniconda3/envs/cmake-tutorial/include]
  collapse include dir [/home/nicolas/miniconda3/envs/cmake-tutorial/bin/../lib/gcc/x86_64-conda-linux-gnu/10.3.0/include] ==> [/home/nicolas/miniconda3/envs/cmake-tutorial/lib/gcc/x86_64-conda-linux-gnu/10.3.0/include]
  collapse include dir [/home/nicolas/miniconda3/envs/cmake-tutorial/bin/../lib/gcc/x86_64-conda-linux-gnu/10.3.0/include-fixed] ==> [/home/nicolas/miniconda3/envs/cmake-tutorial/lib/gcc/x86_64-conda-linux-gnu/10.3.0/include-fixed]
  collapse include dir [/home/nicolas/miniconda3/envs/cmake-tutorial/bin/../lib/gcc/x86_64-conda-linux-gnu/10.3.0/../../../../x86_64-conda-linux-gnu/include] ==> [/home/nicolas/miniconda3/envs/cmake-tutorial/x86_64-conda-linux-gnu/include]
  collapse include dir [/home/nicolas/miniconda3/envs/cmake-tutorial/bin/../lib/gcc/../../x86_64-conda-linux-gnu/include/c++/10.3.0] ==> [/home/nicolas/miniconda3/envs/cmake-tutorial/x86_64-conda-linux-gnu/include/c++/10.3.0]
  collapse include dir [/home/nicolas/miniconda3/envs/cmake-tutorial/bin/../lib/gcc/../../x86_64-conda-linux-gnu/include/c++/10.3.0/x86_64-conda-linux-gnu] ==> [/home/nicolas/miniconda3/envs/cmake-tutorial/x86_64-conda-linux-gnu/include/c++/10.3.0/x86_64-conda-linux-gnu]
  collapse include dir [/home/nicolas/miniconda3/envs/cmake-tutorial/bin/../lib/gcc/../../x86_64-conda-linux-gnu/include/c++/10.3.0/backward] ==> [/home/nicolas/miniconda3/envs/cmake-tutorial/x86_64-conda-linux-gnu/include/c++/10.3.0/backward]
  collapse include dir [/home/nicolas/miniconda3/envs/cmake-tutorial/bin/../x86_64-conda-linux-gnu/sysroot/usr/include] ==> [/home/nicolas/miniconda3/envs/cmake-tutorial/x86_64-conda-linux-gnu/sysroot/usr/include]
  implicit include dirs: [/home/nicolas/miniconda3/envs/cmake-tutorial/include;/home/nicolas/miniconda3/envs/cmake-tutorial/lib/gcc/x86_64-conda-linux-gnu/10.3.0/include;/home/nicolas/miniconda3/envs/cmake-tutorial/lib/gcc/x86_64-conda-linux-gnu/10.3.0/include-fixed;/home/nicolas/miniconda3/envs/cmake-tutorial/x86_64-conda-linux-gnu/include;/home/nicolas/miniconda3/envs/cmake-tutorial/x86_64-conda-linux-gnu/include/c++/10.3.0;/home/nicolas/miniconda3/envs/cmake-tutorial/x86_64-conda-linux-gnu/include/c++/10.3.0/x86_64-conda-linux-gnu;/home/nicolas/miniconda3/envs/cmake-tutorial/x86_64-conda-linux-gnu/include/c++/10.3.0/backward;/home/nicolas/miniconda3/envs/cmake-tutorial/x86_64-conda-linux-gnu/sysroot/usr/include]


Parsed CXX implicit link information from above output:
  link line regex: [^( *|.*[/\])(x86_64-conda-linux-gnu-ld|CMAKE_LINK_STARTFILE-NOTFOUND|([^/\]+-)?ld|collect2)[^/\]*( |$)]
  ignore line: [Change Dir: /home/nicolas/edii/dcc012b-lab02-sort-wrathg/build/CMakeFiles/CMakeTmp]
  ignore line: []
  ignore line: [Run Build Command(s):/home/nicolas/miniconda3/envs/cmake-tutorial/bin/ninja cmTC_2ba8c && [1/2] Building CXX object CMakeFiles/cmTC_2ba8c.dir/CMakeCXXCompilerABI.cpp.o]
  ignore line: [Reading specs from /home/nicolas/miniconda3/envs/cmake-tutorial/bin/../lib/gcc/x86_64-conda-linux-gnu/10.3.0/specs]
  ignore line: [could not find specs file conda.specs]
  ignore line: [COLLECT_GCC=/home/nicolas/miniconda3/envs/cmake-tutorial/bin/x86_64-conda-linux-gnu-c++]
  ignore line: [Target: x86_64-conda-linux-gnu]
  ignore line: [Configured with: ../configure --prefix=/home/conda/feedstock_root/build_artifacts/gcc_compilers_1650668905383/_h_env_placehold_placehold_placehold_placehold_placehold_placehold_placehold_placehold_placehold_placehold_placehold_placehold_placehold_placehold_placehold_placehold_placehold_placeho --with-slibdir=/home/conda/feedstock_root/build_artifacts/gcc_compilers_1650668905383/_h_env_placehold_placehold_placehold_placehold_placehold_placehold_placehold_placehold_placehold_placehold_placehold_placehold_placehold_placehold_placehold_placehold_placehold_placeho/lib --libdir=/home/conda/feedstock_root/build_artifacts/gcc_compilers_1650668905383/_h_env_placehold_placehold_placehold_placehold_placehold_placehold_placehold_placehold_placehold_placehold_placehold_placehold_placehold_placehold_placehold_placehold_placehold_placeho/lib --mandir=/home/conda/feedstock_root/build_artifacts/gcc_compilers_1650668905383/_h_env_placehold_placehold_placehold_placehold_placehold_placehold_placehold_placehold_placehold_placehold_placehold_placehold_placehold_placehold_placehold_placehold_placehold_placeho/man --build=x86_64-conda-linux-gnu --host=x86_64-conda-linux-gnu --target=x86_64-conda-linux-gnu --enable-default-pie --enable-languages=c c++ fortran objc obj-c++ --enable-__cxa_atexit --disable-libmudflap --enable-libgomp --disable-libssp --enable-libquadmath --enable-libquadmath-support --enable-libsanitizer --enable-lto --enable-threads=posix --enable-target-optspace --enable-plugin --enable-gold --disable-nls --disable-bootstrap --disable-multilib --enable-long-long --with-sysroot=/home/conda/feedstock_root/build_artifacts/gcc_compilers_1650668905383/_h_env_placehold_placehold_placehold_placehold_placehold_placehold_placehold_placehold_placehold_placehold_placehold_placehold_placehold_placehold_placehold_placehold_placehold_placeho/x86_64-conda-linux-gnu/sysroot --with-build-sysroot=/home/conda/feedstock_root/build_artifacts/gcc_compilers_1650668905383/_build_env/x86_64-conda-linux-gnu/sysroot --with-gxx-include-dir=/home/conda/feedstock_root/build_artifacts/gcc_compilers_1650668905383/_h_env_placehold_placehold_placehold_placehold_placehold_placehold_placehold_placehold_placehold_placehold_placehold_placehold_placehold_placehold_placehold_placehold_placehold_placeho/x86_64-conda-linux-gnu/include/c++/10.3.0 --with-pkgversion='conda-forge gcc 10.3.0-16' --with-bugurl=https://github.com/conda-forge/ctng-compilers-feedstock/issues/new/choose]
  ignore line: [Thread model: posix]
  ignore line: [Supported LTO compression algorithms: zlib]
  ignore line: [gcc version 10.3.0 (conda-forge gcc 10.3.0-16) ]
  ignore line: [COLLECT_GCC_OPTIONS='-fvisibility-inlines-hidden' '-std=c++17' '-fmessage-length=0' '-march=nocona' '-mtune=haswell' '-ftree-vectorize' '-fPIC' '-fstack-protector-strong' '-fno-plt' '-O2' '-ffunction-sections' '-pipe' '-isystem' '/home/nicolas/miniconda3/envs/cmake-tutorial/include' '-v' '-o' 'CMakeFiles/cmTC_2ba8c.dir/CMakeCXXCompilerABI.cpp.o' '-c' '-shared-libgcc']
  ignore line: [ /home/nicolas/miniconda3/envs/cmake-tutorial/bin/../libexec/gcc/x86_64-conda-linux-gnu/10.3.0/cc1plus -quiet -v -iprefix /home/nicolas/miniconda3/envs/cmake-tutorial/bin/../lib/gcc/x86_64-conda-linux-gnu/10.3.0/ -isysroot /home/nicolas/miniconda3/envs/cmake-tutorial/bin/../x86_64-conda-linux-gnu/sysroot -D_GNU_SOURCE -isystem /home/nicolas/miniconda3/envs/cmake-tutorial/include /home/nicolas/miniconda3/envs/cmake-tutorial/share/cmake-3.23/Modules/CMakeCXXCompilerABI.cpp -quiet -dumpbase CMakeCXXCompilerABI.cpp -march=nocona -mtune=haswell -auxbase-strip CMakeFiles/cmTC_2ba8c.dir/CMakeCXXCompilerABI.cpp.o -O2 -std=c++17 -version -fvisibility-inlines-hidden -fmessage-length=0 -ftree-vectorize -fPIC -fstack-protector-strong -fno-plt -ffunction-sections -o - |]
  ignore line: [ /home/nicolas/miniconda3/envs/cmake-tutorial/bin/../lib/gcc/x86_64-conda-linux-gnu/10.3.0/../../../../x86_64-conda-linux-gnu/bin/as -v --64 -o CMakeFiles/cmTC_2ba8c.dir/CMakeCXXCompilerABI.cpp.o]
  ignore line: [GNU assembler version 2.36.1 (x86_64-conda-linux-gnu) using BFD version (GNU Binutils) 2.36.1]
  ignore line: [GNU C++17 (conda-forge gcc 10.3.0-16) version 10.3.0 (x86_64-conda-linux-gnu)]
  ignore line: [	compiled by GNU C version 10.3.0  GMP version 6.1.0  MPFR version 3.1.4  MPC version 1.0.3  isl version isl-0.18-GMP]
  ignore line: []
  ignore line: [GGC heuristics: --param ggc-min-expand=100 --param ggc-min-heapsize=131072]
  ignore line: [ignoring duplicate directory "/home/nicolas/miniconda3/envs/cmake-tutorial/bin/../lib/gcc/../../lib/gcc/x86_64-conda-linux-gnu/10.3.0/include"]
  ignore line: [ignoring nonexistent directory "/home/nicolas/miniconda3/envs/cmake-tutorial/bin/../x86_64-conda-linux-gnu/sysroot/usr/local/include"]
  ignore line: [ignoring duplicate directory "/home/nicolas/miniconda3/envs/cmake-tutorial/bin/../lib/gcc/../../lib/gcc/x86_64-conda-linux-gnu/10.3.0/include-fixed"]
  ignore line: [ignoring duplicate directory "/home/nicolas/miniconda3/envs/cmake-tutorial/bin/../lib/gcc/../../lib/gcc/x86_64-conda-linux-gnu/10.3.0/../../../../x86_64-conda-linux-gnu/include"]
  ignore line: [#include "..." search starts here:]
  ignore line: [#include <...> search starts here:]
  ignore line: [ /home/nicolas/miniconda3/envs/cmake-tutorial/include]
  ignore line: [ /home/nicolas/miniconda3/envs/cmake-tutorial/bin/../lib/gcc/x86_64-conda-linux-gnu/10.3.0/include]
  ignore line: [ /home/nicolas/miniconda3/envs/cmake-tutorial/bin/../lib/gcc/x86_64-conda-linux-gnu/10.3.0/include-fixed]
  ignore line: [ /home/nicolas/miniconda3/envs/cmake-tutorial/bin/../lib/gcc/x86_64-conda-linux-gnu/10.3.0/../../../../x86_64-conda-linux-gnu/include]
  ignore line: [ /home/nicolas/miniconda3/envs/cmake-tutorial/bin/../lib/gcc/../../x86_64-conda-linux-gnu/include/c++/10.3.0]
  ignore line: [ /home/nicolas/miniconda3/envs/cmake-tutorial/bin/../lib/gcc/../../x86_64-conda-linux-gnu/include/c++/10.3.0/x86_64-conda-linux-gnu]
  ignore line: [ /home/nicolas/miniconda3/envs/cmake-tutorial/bin/../lib/gcc/../../x86_64-conda-linux-gnu/include/c++/10.3.0/backward]
  ignore line: [ /home/nicolas/miniconda3/envs/cmake-tutorial/bin/../x86_64-conda-linux-gnu/sysroot/usr/include]
  ignore line: [End of search list.]
  ignore line: [GNU C++17 (conda-forge gcc 10.3.0-16) version 10.3.0 (x86_64-conda-linux-gnu)]
  ignore line: [	compiled by GNU C version 10.3.0  GMP version 6.1.0  MPFR version 3.1.4  MPC version 1.0.3  isl version isl-0.18-GMP]
  ignore line: []
  ignore line: [GGC heuristics: --param ggc-min-expand=100 --param ggc-min-heapsize=131072]
  ignore line: [Compiler executable checksum: e1c8fb57619ce138e8af3084d7412096]
  ignore line: [COMPILER_PATH=/home/nicolas/miniconda3/envs/cmake-tutorial/bin/../libexec/gcc/x86_64-conda-linux-gnu/10.3.0/:/home/nicolas/miniconda3/envs/cmake-tutorial/bin/../libexec/gcc/:/home/nicolas/miniconda3/envs/cmake-tutorial/bin/../lib/gcc/x86_64-conda-linux-gnu/10.3.0/../../../../x86_64-conda-linux-gnu/bin/]
  ignore line: [LIBRARY_PATH=/home/nicolas/miniconda3/envs/cmake-tutorial/bin/../lib/gcc/x86_64-conda-linux-gnu/10.3.0/:/home/nicolas/miniconda3/envs/cmake-tutorial/bin/../lib/gcc/:/home/nicolas/miniconda3/envs/cmake-tutorial/bin/../lib/gcc/x86_64-conda-linux-gnu/10.3.0/../../../../x86_64-conda-linux-gnu/lib/../lib/:/home/nicolas/miniconda3/envs/cmake-tutorial/bin/../lib/gcc/x86_64-conda-linux-gnu/10.3.0/../../../../lib/:/home/nicolas/miniconda3/envs/cmake-tutorial/bin/../x86_64-conda-linux-gnu/sysroot/lib/../lib/:/home/nicolas/miniconda3/envs/cmake-tutorial/bin/../x86_64-conda-linux-gnu/sysroot/usr/lib/../lib/:/home/nicolas/miniconda3/envs/cmake-tutorial/bin/../lib/gcc/x86_64-conda-linux-gnu/10.3.0/../../../../x86_64-conda-linux-gnu/lib/:/home/nicolas/miniconda3/envs/cmake-tutorial/bin/../lib/gcc/x86_64-conda-linux-gnu/10.3.0/../../../:/home/nicolas/miniconda3/envs/cmake-tutorial/bin/../x86_64-conda-linux-gnu/sysroot/lib/:/home/nicolas/miniconda3/envs/cmake-tutorial/bin/../x86_64-conda-linux-gnu/sysroot/usr/lib/]
  ignore line: [COLLECT_GCC_OPTIONS='-fvisibility-inlines-hidden' '-std=c++17' '-fmessage-length=0' '-march=nocona' '-mtune=haswell' '-ftree-vectorize' '-fPIC' '-fstack-protector-strong' '-fno-plt' '-O2' '-ffunction-sections' '-pipe' '-isystem' '/home/nicolas/miniconda3/envs/cmake-tutorial/include' '-v' '-o' 'CMakeFiles/cmTC_2ba8c.dir/CMakeCXXCompilerABI.cpp.o' '-c' '-shared-libgcc']
  ignore line: [[2/2] Linking CXX executable cmTC_2ba8c]
  ignore line: [Reading specs from /home/nicolas/miniconda3/envs/cmake-tutorial/bin/../lib/gcc/x86_64-conda-linux-gnu/10.3.0/specs]
  ignore line: [could not find specs file conda.specs]
  ignore line: [COLLECT_GCC=/home/nicolas/miniconda3/envs/cmake-tutorial/bin/x86_64-conda-linux-gnu-c++]
  ignore line: [COLLECT_LTO_WRAPPER=/home/nicolas/miniconda3/envs/cmake-tutorial/bin/../libexec/gcc/x86_64-conda-linux-gnu/10.3.0/lto-wrapper]
  ignore line: [Target: x86_64-conda-linux-gnu]
  ignore line: [Configured with: ../configure --prefix=/home/conda/feedstock_root/build_artifacts/gcc_compilers_1650668905383/_h_env_placehold_placehold_placehold_placehold_placehold_placehold_placehold_placehold_placehold_placehold_placehold_placehold_placehold_placehold_placehold_placehold_placehold_placeho --with-slibdir=/home/conda/feedstock_root/build_artifacts/gcc_compilers_1650668905383/_h_env_placehold_placehold_placehold_placehold_placehold_placehold_placehold_placehold_placehold_placehold_placehold_placehold_placehold_placehold_placehold_placehold_placehold_placeho/lib --libdir=/home/conda/feedstock_root/build_artifacts/gcc_compilers_1650668905383/_h_env_placehold_placehold_placehold_placehold_placehold_placehold_placehold_placehold_placehold_placehold_placehold_placehold_placehold_placehold_placehold_placehold_placehold_placeho/lib --mandir=/home/conda/feedstock_root/build_artifacts/gcc_compilers_1650668905383/_h_env_placehold_placehold_placehold_placehold_placehold_placehold_placehold_placehold_placehold_placehold_placehold_placehold_placehold_placehold_placehold_placehold_placehold_placeho/man --build=x86_64-conda-linux-gnu --host=x86_64-conda-linux-gnu --target=x86_64-conda-linux-gnu --enable-default-pie --enable-languages=c c++ fortran objc obj-c++ --enable-__cxa_atexit --disable-libmudflap --enable-libgomp --disable-libssp --enable-libquadmath --enable-libquadmath-support --enable-libsanitizer --enable-lto --enable-threads=posix --enable-target-optspace --enable-plugin --enable-gold --disable-nls --disable-bootstrap --disable-multilib --enable-long-long --with-sysroot=/home/conda/feedstock_root/build_artifacts/gcc_compilers_1650668905383/_h_env_placehold_placehold_placehold_placehold_placehold_placehold_placehold_placehold_placehold_placehold_placehold_placehold_placehold_placehold_placehold_placehold_placehold_placeho/x86_64-conda-linux-gnu/sysroot --with-build-sysroot=/home/conda/feedstock_root/build_artifacts/gcc_compilers_1650668905383/_build_env/x86_64-conda-linux-gnu/sysroot --with-gxx-include-dir=/home/conda/feedstock_root/build_artifacts/gcc_compilers_1650668905383/_h_env_placehold_placehold_placehold_placehold_placehold_placehold_placehold_placehold_placehold_placehold_placehold_placehold_placehold_placehold_placehold_placehold_placehold_placeho/x86_64-conda-linux-gnu/include/c++/10.3.0 --with-pkgversion='conda-forge gcc 10.3.0-16' --with-bugurl=https://github.com/conda-forge/ctng-compilers-feedstock/issues/new/choose]
  ignore line: [Thread model: posix]
  ignore line: [Supported LTO compression algorithms: zlib]
  ignore line: [gcc version 10.3.0 (conda-forge gcc 10.3.0-16) ]
  ignore line: [COMPILER_PATH=/home/nicolas/miniconda3/envs/cmake-tutorial/bin/../libexec/gcc/x86_64-conda-linux-gnu/10.3.0/:/home/nicolas/miniconda3/envs/cmake-tutorial/bin/../libexec/gcc/:/home/nicolas/miniconda3/envs/cmake-tutorial/bin/../lib/gcc/x86_64-conda-linux-gnu/10.3.0/../../../../x86_64-conda-linux-gnu/bin/]
  ignore line: [LIBRARY_PATH=/home/nicolas/miniconda3/envs/cmake-tutorial/bin/../lib/gcc/x86_64-conda-linux-gnu/10.3.0/:/home/nicolas/miniconda3/envs/cmake-tutorial/bin/../lib/gcc/:/home/nicolas/miniconda3/envs/cmake-tutorial/bin/../lib/gcc/x86_64-conda-linux-gnu/10.3.0/../../../../x86_64-conda-linux-gnu/lib/../lib/:/home/nicolas/miniconda3/envs/cmake-tutorial/bin/../lib/gcc/x86_64-conda-linux-gnu/10.3.0/../../../../lib/:/home/nicolas/miniconda3/envs/cmake-tutorial/bin/../x86_64-conda-linux-gnu/sysroot/lib/../lib/:/home/nicolas/miniconda3/envs/cmake-tutorial/bin/../x86_64-conda-linux-gnu/sysroot/usr/lib/../lib/:/home/nicolas/miniconda3/envs/cmake-tutorial/bin/../lib/gcc/x86_64-conda-linux-gnu/10.3.0/../../../../x86_64-conda-linux-gnu/lib/:/home/nicolas/miniconda3/envs/cmake-tutorial/bin/../lib/gcc/x86_64-conda-linux-gnu/10.3.0/../../../:/home/nicolas/miniconda3/envs/cmake-tutorial/bin/../x86_64-conda-linux-gnu/sysroot/lib/:/home/nicolas/miniconda3/envs/cmake-tutorial/bin/../x86_64-conda-linux-gnu/sysroot/usr/lib/]
  ignore line: [COLLECT_GCC_OPTIONS='-fvisibility-inlines-hidden' '-std=c++17' '-fmessage-length=0' '-march=nocona' '-mtune=haswell' '-ftree-vectorize' '-fPIC' '-fstack-protector-strong' '-fno-plt' '-O2' '-ffunction-sections' '-pipe' '-isystem' '/home/nicolas/miniconda3/envs/cmake-tutorial/include' '-L/home/nicolas/miniconda3/envs/cmake-tutorial/lib' '-v' '-o' 'cmTC_2ba8c' '-shared-libgcc']
  link line: [ /home/nicolas/miniconda3/envs/cmake-tutorial/bin/../libexec/gcc/x86_64-conda-linux-gnu/10.3.0/collect2 -plugin /home/nicolas/miniconda3/envs/cmake-tutorial/bin/../libexec/gcc/x86_64-conda-linux-gnu/10.3.0/liblto_plugin.so -plugin-opt=/home/nicolas/miniconda3/envs/cmake-tutorial/bin/../libexec/gcc/x86_64-conda-linux-gnu/10.3.0/lto-wrapper -plugin-opt=-fresolution=/tmp/ccFUKcPZ.res -plugin-opt=-pass-through=-lgcc_s -plugin-opt=-pass-through=-lgcc -plugin-opt=-pass-through=-lc -plugin-opt=-pass-through=-lgcc_s -plugin-opt=-pass-through=-lgcc --sysroot=/home/nicolas/miniconda3/envs/cmake-tutorial/bin/../x86_64-conda-linux-gnu/sysroot --eh-frame-hdr -m elf_x86_64 -dynamic-linker /lib64/ld-linux-x86-64.so.2 -pie -o cmTC_2ba8c /home/nicolas/miniconda3/envs/cmake-tutorial/bin/../x86_64-conda-linux-gnu/sysroot/usr/lib/../lib/Scrt1.o /home/nicolas/miniconda3/envs/cmake-tutorial/bin/../x86_64-conda-linux-gnu/sysroot/usr/lib/../lib/crti.o /home/nicolas/miniconda3/envs/cmake-tutorial/bin/../lib/gcc/x86_64-conda-linux-gnu/10.3.0/crtbeginS.o -L/home/nicolas/miniconda3/envs/cmake-tutorial/lib -L/home/nicolas/miniconda3/envs/cmake-tutorial/bin/../lib/gcc/x86_64-conda-linux-gnu/10.3.0 -L/home/nicolas/miniconda3/envs/cmake-tutorial/bin/../lib/gcc -L/home/nicolas/miniconda3/envs/cmake-tutorial/bin/../lib/gcc/x86_64-conda-linux-gnu/10.3.0/../../../../x86_64-conda-linux-gnu/lib/../lib -L/home/nicolas/miniconda3/envs/cmake-tutorial/bin/../lib/gcc/x86_64-conda-linux-gnu/10.3.0/../../../../lib -L/home/nicolas/miniconda3/envs/cmake-tutorial/bin/../x86_64-conda-linux-gnu/sysroot/lib/../lib -L/home/nicolas/miniconda3/envs/cmake-tutorial/bin/../x86_64-conda-linux-gnu/sysroot/usr/lib/../lib -L/home/nicolas/miniconda3/envs/cmake-tutorial/bin/../lib/gcc/x86_64-conda-linux-gnu/10.3.0/../../../../x86_64-conda-linux-gnu/lib -L/home/nicolas/miniconda3/envs/cmake-tutorial/bin/../lib/gcc/x86_64-conda-linux-gnu/10.3.0/../../.. -L/home/nicolas/miniconda3/envs/cmake-tutorial/bin/../x86_64-conda-linux-gnu/sysroot/lib -L/home/nicolas/miniconda3/envs/cmake-tutorial/bin/../x86_64-conda-linux-gnu/sysroot/usr/lib -O2 --sort-common --as-needed -z relro -z now --disable-new-dtags --gc-sections --allow-shlib-undefined -rpath /home/nicolas/miniconda3/envs/cmake-tutorial/lib -rpath-link /home/nicolas/miniconda3/envs/cmake-tutorial/lib CMakeFiles/cmTC_2ba8c.dir/CMakeCXXCompilerABI.cpp.o -lstdc++ -lm -lgcc_s -lgcc -lc -lgcc_s -lgcc /home/nicolas/miniconda3/envs/cmake-tutorial/bin/../lib/gcc/x86_64-conda-linux-gnu/10.3.0/crtendS.o /home/nicolas/miniconda3/envs/cmake-tutorial/bin/../x86_64-conda-linux-gnu/sysroot/usr/lib/../lib/crtn.o -rpath /home/nicolas/miniconda3/envs/cmake-tutorial/lib]
    arg [/home/nicolas/miniconda3/envs/cmake-tutorial/bin/../libexec/gcc/x86_64-conda-linux-gnu/10.3.0/collect2] ==> ignore
    arg [-plugin] ==> ignore
    arg [/home/nicolas/miniconda3/envs/cmake-tutorial/bin/../libexec/gcc/x86_64-conda-linux-gnu/10.3.0/liblto_plugin.so] ==> ignore
    arg [-plugin-opt=/home/nicolas/miniconda3/envs/cmake-tutorial/bin/../libexec/gcc/x86_64-conda-linux-gnu/10.3.0/lto-wrapper] ==> ignore
    arg [-plugin-opt=-fresolution=/tmp/ccFUKcPZ.res] ==> ignore
    arg [-plugin-opt=-pass-through=-lgcc_s] ==> ignore
    arg [-plugin-opt=-pass-through=-lgcc] ==> ignore
    arg [-plugin-opt=-pass-through=-lc] ==> ignore
    arg [-plugin-opt=-pass-through=-lgcc_s] ==> ignore
    arg [-plugin-opt=-pass-through=-lgcc] ==> ignore
    arg [--sysroot=/home/nicolas/miniconda3/envs/cmake-tutorial/bin/../x86_64-conda-linux-gnu/sysroot] ==> ignore
    arg [--eh-frame-hdr] ==> ignore
    arg [-m] ==> ignore
    arg [elf_x86_64] ==> ignore
    arg [-dynamic-linker] ==> ignore
    arg [/lib64/ld-linux-x86-64.so.2] ==> ignore
    arg [-pie] ==> ignore
    arg [-o] ==> ignore
    arg [cmTC_2ba8c] ==> ignore
    arg [/home/nicolas/miniconda3/envs/cmake-tutorial/bin/../x86_64-conda-linux-gnu/sysroot/usr/lib/../lib/Scrt1.o] ==> obj [/home/nicolas/miniconda3/envs/cmake-tutorial/bin/../x86_64-conda-linux-gnu/sysroot/usr/lib/../lib/Scrt1.o]
    arg [/home/nicolas/miniconda3/envs/cmake-tutorial/bin/../x86_64-conda-linux-gnu/sysroot/usr/lib/../lib/crti.o] ==> obj [/home/nicolas/miniconda3/envs/cmake-tutorial/bin/../x86_64-conda-linux-gnu/sysroot/usr/lib/../lib/crti.o]
    arg [/home/nicolas/miniconda3/envs/cmake-tutorial/bin/../lib/gcc/x86_64-conda-linux-gnu/10.3.0/crtbeginS.o] ==> obj [/home/nicolas/miniconda3/envs/cmake-tutorial/bin/../lib/gcc/x86_64-conda-linux-gnu/10.3.0/crtbeginS.o]
    arg [-L/home/nicolas/miniconda3/envs/cmake-tutorial/lib] ==> dir [/home/nicolas/miniconda3/envs/cmake-tutorial/lib]
    arg [-L/home/nicolas/miniconda3/envs/cmake-tutorial/bin/../lib/gcc/x86_64-conda-linux-gnu/10.3.0] ==> dir [/home/nicolas/miniconda3/envs/cmake-tutorial/bin/../lib/gcc/x86_64-conda-linux-gnu/10.3.0]
    arg [-L/home/nicolas/miniconda3/envs/cmake-tutorial/bin/../lib/gcc] ==> dir [/home/nicolas/miniconda3/envs/cmake-tutorial/bin/../lib/gcc]
    arg [-L/home/nicolas/miniconda3/envs/cmake-tutorial/bin/../lib/gcc/x86_64-conda-linux-gnu/10.3.0/../../../../x86_64-conda-linux-gnu/lib/../lib] ==> dir [/home/nicolas/miniconda3/envs/cmake-tutorial/bin/../lib/gcc/x86_64-conda-linux-gnu/10.3.0/../../../../x86_64-conda-linux-gnu/lib/../lib]
    arg [-L/home/nicolas/miniconda3/envs/cmake-tutorial/bin/../lib/gcc/x86_64-conda-linux-gnu/10.3.0/../../../../lib] ==> dir [/home/nicolas/miniconda3/envs/cmake-tutorial/bin/../lib/gcc/x86_64-conda-linux-gnu/10.3.0/../../../../lib]
    arg [-L/home/nicolas/miniconda3/envs/cmake-tutorial/bin/../x86_64-conda-linux-gnu/sysroot/lib/../lib] ==> dir [/home/nicolas/miniconda3/envs/cmake-tutorial/bin/../x86_64-conda-linux-gnu/sysroot/lib/../lib]
    arg [-L/home/nicolas/miniconda3/envs/cmake-tutorial/bin/../x86_64-conda-linux-gnu/sysroot/usr/lib/../lib] ==> dir [/home/nicolas/miniconda3/envs/cmake-tutorial/bin/../x86_64-conda-linux-gnu/sysroot/usr/lib/../lib]
    arg [-L/home/nicolas/miniconda3/envs/cmake-tutorial/bin/../lib/gcc/x86_64-conda-linux-gnu/10.3.0/../../../../x86_64-conda-linux-gnu/lib] ==> dir [/home/nicolas/miniconda3/envs/cmake-tutorial/bin/../lib/gcc/x86_64-conda-linux-gnu/10.3.0/../../../../x86_64-conda-linux-gnu/lib]
    arg [-L/home/nicolas/miniconda3/envs/cmake-tutorial/bin/../lib/gcc/x86_64-conda-linux-gnu/10.3.0/../../..] ==> dir [/home/nicolas/miniconda3/envs/cmake-tutorial/bin/../lib/gcc/x86_64-conda-linux-gnu/10.3.0/../../..]
    arg [-L/home/nicolas/miniconda3/envs/cmake-tutorial/bin/../x86_64-conda-linux-gnu/sysroot/lib] ==> dir [/home/nicolas/miniconda3/envs/cmake-tutorial/bin/../x86_64-conda-linux-gnu/sysroot/lib]
    arg [-L/home/nicolas/miniconda3/envs/cmake-tutorial/bin/../x86_64-conda-linux-gnu/sysroot/usr/lib] ==> dir [/home/nicolas/miniconda3/envs/cmake-tutorial/bin/../x86_64-conda-linux-gnu/sysroot/usr/lib]
    arg [-O2] ==> ignore
    arg [--sort-common] ==> ignore
    arg [--as-needed] ==> ignore
    arg [-zrelro] ==> ignore
    arg [-znow] ==> ignore
    arg [--disable-new-dtags] ==> ignore
    arg [--gc-sections] ==> ignore
    arg [--allow-shlib-undefined] ==> ignore
    arg [-rpath] ==> ignore
    arg [/home/nicolas/miniconda3/envs/cmake-tutorial/lib] ==> ignore
    arg [-rpath-link] ==> ignore
    arg [/home/nicolas/miniconda3/envs/cmake-tutorial/lib] ==> ignore
    arg [CMakeFiles/cmTC_2ba8c.dir/CMakeCXXCompilerABI.cpp.o] ==> ignore
    arg [-lstdc++] ==> lib [stdc++]
    arg [-lm] ==> lib [m]
    arg [-lgcc_s] ==> lib [gcc_s]
    arg [-lgcc] ==> lib [gcc]
    arg [-lc] ==> lib [c]
    arg [-lgcc_s] ==> lib [gcc_s]
    arg [-lgcc] ==> lib [gcc]
    arg [/home/nicolas/miniconda3/envs/cmake-tutorial/bin/../lib/gcc/x86_64-conda-linux-gnu/10.3.0/crtendS.o] ==> obj [/home/nicolas/miniconda3/envs/cmake-tutorial/bin/../lib/gcc/x86_64-conda-linux-gnu/10.3.0/crtendS.o]
    arg [/home/nicolas/miniconda3/envs/cmake-tutorial/bin/../x86_64-conda-linux-gnu/sysroot/usr/lib/../lib/crtn.o] ==> obj [/home/nicolas/miniconda3/envs/cmake-tutorial/bin/../x86_64-conda-linux-gnu/sysroot/usr/lib/../lib/crtn.o]
    arg [-rpath] ==> ignore
    arg [/home/nicolas/miniconda3/envs/cmake-tutorial/lib] ==> ignore
  collapse obj [/home/nicolas/miniconda3/envs/cmake-tutorial/bin/../x86_64-conda-linux-gnu/sysroot/usr/lib/../lib/Scrt1.o] ==> [/home/nicolas/miniconda3/envs/cmake-tutorial/x86_64-conda-linux-gnu/sysroot/usr/lib/Scrt1.o]
  collapse obj [/home/nicolas/miniconda3/envs/cmake-tutorial/bin/../x86_64-conda-linux-gnu/sysroot/usr/lib/../lib/crti.o] ==> [/home/nicolas/miniconda3/envs/cmake-tutorial/x86_64-conda-linux-gnu/sysroot/usr/lib/crti.o]
  collapse obj [/home/nicolas/miniconda3/envs/cmake-tutorial/bin/../lib/gcc/x86_64-conda-linux-gnu/10.3.0/crtbeginS.o] ==> [/home/nicolas/miniconda3/envs/cmake-tutorial/lib/gcc/x86_64-conda-linux-gnu/10.3.0/crtbeginS.o]
  collapse obj [/home/nicolas/miniconda3/envs/cmake-tutorial/bin/../lib/gcc/x86_64-conda-linux-gnu/10.3.0/crtendS.o] ==> [/home/nicolas/miniconda3/envs/cmake-tutorial/lib/gcc/x86_64-conda-linux-gnu/10.3.0/crtendS.o]
  collapse obj [/home/nicolas/miniconda3/envs/cmake-tutorial/bin/../x86_64-conda-linux-gnu/sysroot/usr/lib/../lib/crtn.o] ==> [/home/nicolas/miniconda3/envs/cmake-tutorial/x86_64-conda-linux-gnu/sysroot/usr/lib/crtn.o]
  collapse library dir [/home/nicolas/miniconda3/envs/cmake-tutorial/lib] ==> [/home/nicolas/miniconda3/envs/cmake-tutorial/lib]
  collapse library dir [/home/nicolas/miniconda3/envs/cmake-tutorial/bin/../lib/gcc/x86_64-conda-linux-gnu/10.3.0] ==> [/home/nicolas/miniconda3/envs/cmake-tutorial/lib/gcc/x86_64-conda-linux-gnu/10.3.0]
  collapse library dir [/home/nicolas/miniconda3/envs/cmake-tutorial/bin/../lib/gcc] ==> [/home/nicolas/miniconda3/envs/cmake-tutorial/lib/gcc]
  collapse library dir [/home/nicolas/miniconda3/envs/cmake-tutorial/bin/../lib/gcc/x86_64-conda-linux-gnu/10.3.0/../../../../x86_64-conda-linux-gnu/lib/../lib] ==> [/home/nicolas/miniconda3/envs/cmake-tutorial/x86_64-conda-linux-gnu/lib]
  collapse library dir [/home/nicolas/miniconda3/envs/cmake-tutorial/bin/../lib/gcc/x86_64-conda-linux-gnu/10.3.0/../../../../lib] ==> [/home/nicolas/miniconda3/envs/cmake-tutorial/lib]
  collapse library dir [/home/nicolas/miniconda3/envs/cmake-tutorial/bin/../x86_64-conda-linux-gnu/sysroot/lib/../lib] ==> [/home/nicolas/miniconda3/envs/cmake-tutorial/x86_64-conda-linux-gnu/sysroot/lib]
  collapse library dir [/home/nicolas/miniconda3/envs/cmake-tutorial/bin/../x86_64-conda-linux-gnu/sysroot/usr/lib/../lib] ==> [/home/nicolas/miniconda3/envs/cmake-tutorial/x86_64-conda-linux-gnu/sysroot/usr/lib]
  collapse library dir [/home/nicolas/miniconda3/envs/cmake-tutorial/bin/../lib/gcc/x86_64-conda-linux-gnu/10.3.0/../../../../x86_64-conda-linux-gnu/lib] ==> [/home/nicolas/miniconda3/envs/cmake-tutorial/x86_64-conda-linux-gnu/lib]
  collapse library dir [/home/nicolas/miniconda3/envs/cmake-tutorial/bin/../lib/gcc/x86_64-conda-linux-gnu/10.3.0/../../..] ==> [/home/nicolas/miniconda3/envs/cmake-tutorial/lib]
  collapse library dir [/home/nicolas/miniconda3/envs/cmake-tutorial/bin/../x86_64-conda-linux-gnu/sysroot/lib] ==> [/home/nicolas/miniconda3/envs/cmake-tutorial/x86_64-conda-linux-gnu/sysroot/lib]
  collapse library dir [/home/nicolas/miniconda3/envs/cmake-tutorial/bin/../x86_64-conda-linux-gnu/sysroot/usr/lib] ==> [/home/nicolas/miniconda3/envs/cmake-tutorial/x86_64-conda-linux-gnu/sysroot/usr/lib]
  implicit libs: [stdc++;m;gcc_s;gcc;c;gcc_s;gcc]
  implicit objs: [/home/nicolas/miniconda3/envs/cmake-tutorial/x86_64-conda-linux-gnu/sysroot/usr/lib/Scrt1.o;/home/nicolas/miniconda3/envs/cmake-tutorial/x86_64-conda-linux-gnu/sysroot/usr/lib/crti.o;/home/nicolas/miniconda3/envs/cmake-tutorial/lib/gcc/x86_64-conda-linux-gnu/10.3.0/crtbeginS.o;/home/nicolas/miniconda3/envs/cmake-tutorial/lib/gcc/x86_64-conda-linux-gnu/10.3.0/crtendS.o;/home/nicolas/miniconda3/envs/cmake-tutorial/x86_64-conda-linux-gnu/sysroot/usr/lib/crtn.o]
  implicit dirs: [/home/nicolas/miniconda3/envs/cmake-tutorial/lib;/home/nicolas/miniconda3/envs/cmake-tutorial/lib/gcc/x86_64-conda-linux-gnu/10.3.0;/home/nicolas/miniconda3/envs/cmake-tutorial/lib/gcc;/home/nicolas/miniconda3/envs/cmake-tutorial/x86_64-conda-linux-gnu/lib;/home/nicolas/miniconda3/envs/cmake-tutorial/x86_64-conda-linux-gnu/sysroot/lib;/home/nicolas/miniconda3/envs/cmake-tutorial/x86_64-conda-linux-gnu/sysroot/usr/lib]
  implicit fwks: []


